starting build

**********************************************************************

Test build
build xv6 using make

**********************************************************************
Trying to build project using make
make
Makefile:152: user/bank.d: No such file or directory
Makefile:152: user/usertests.d: No such file or directory
No rule to make target user/usertests.d
No rule to make target user/bank.d
gcc  -I include -nostdinc -Wall -Werror -ggdb -fno-pic -fno-builtin -fno-strict-aliasing -fno-stack-protector -m32 \
	-M -MG kernel/proc.c -MF kernel/proc.d -MT kernel/proc.d -MT kernel/proc.o
Makefile:152: user/bank.d: No such file or directory
Makefile:152: user/usertests.d: No such file or directory
No rule to make target user/usertests.d
No rule to make target user/bank.d
gcc  -I include -nostdinc -Wall -Werror -ggdb -fno-pic -fno-builtin -fno-strict-aliasing -fno-stack-protector -m32 -c -o kernel/proc.o kernel/proc.c
ld  -m    elf_i386 -nostdlib --omagic \
	--section-start=.text=0x100000 --entry=main --output=kernel/kernel \
	kernel/multiboot.o kernel/data.o kernel/bio.o kernel/console.o kernel/exec.o kernel/file.o kernel/fs.o kernel/ide.o kernel/ioapic.o kernel/kalloc.o kernel/kbd.o kernel/lapic.o kernel/main.o kernel/mp.o kernel/picirq.o kernel/pipe.o kernel/proc.o kernel/spinlock.o kernel/string.o kernel/swtch.o kernel/syscall.o kernel/sysfile.o kernel/sysproc.o kernel/timer.o kernel/trapasm.o kernel/trap.o kernel/uart.o kernel/vectors.o kernel/vm.o \
	-b binary initcode bootother
dd if=/dev/zero of=xv6.img count=10000
10000+0 records in
10000+0 records out
5120000 bytes (5.1 MB, 4.9 MiB) copied, 0.0251625 s, 203 MB/s
dd if=kernel/bootblock of=xv6.img conv=notrunc
1+0 records in
1+0 records out
512 bytes copied, 6.5575e-05 s, 7.8 MB/s
dd if=kernel/kernel of=xv6.img seek=1 conv=notrunc
267+1 records in
267+1 records out
137164 bytes (137 kB, 134 KiB) copied, 0.000486645 s, 282 MB/s
No rule to make target fs/bank
No rule to make target fs/usertests
./tools/mkfs fs.img fs
used 29 (bit 1 ninode 26) free 29 total 1024
sh
kill
ln
README
wc
forktest
echo
ls
rm
mkdir
init
cat
tester
stressfs
sem_test
zombie
grep
balloc: first 393 blocks have been allocated
balloc: write bitmap block at sector 28


test build PASSED
 (build xv6 using make)

starting lock_init_test

**********************************************************************

Test lock_init_test
test for lock init prepoerly with correct return value

**********************************************************************
Running xv6 user progam /u/c/s/cs537-1/tests/ec/ctests/lock_init_test.c
Trying to build project using make
make
Makefile:152: user/bank.d: No such file or directory
Makefile:152: user/usertests.d: No such file or directory
No rule to make target user/usertests.d
gcc  -I include -nostdinc -Wall -Werror -ggdb -fno-pic -fno-builtin -fno-strict-aliasing -fno-stack-protector -m32 \
	-M -MG user/tester.c -MF user/tester.d -MT user/tester.d -MT user/tester.o
No rule to make target user/bank.d
Makefile:152: user/bank.d: No such file or directory
Makefile:152: user/usertests.d: No such file or directory
No rule to make target user/usertests.d
No rule to make target user/bank.d
No rule to make target fs/bank
gcc  -I include -nostdinc -Wall -Werror -ggdb -fno-pic -fno-builtin -fno-strict-aliasing -fno-stack-protector -m32 -c -o user/tester.o user/tester.c
ld  -m    elf_i386 -nostdlib --omagic --entry=main --section-start=.text=0x0 --output=user/bin/tester user/tester.o user/ulib.o user/usys.o user/printf.o user/umalloc.o
cp user/bin/tester fs/tester
No rule to make target fs/usertests
./tools/mkfs fs.img fs
used 29 (bit 1 ninode 26) free 29 total 1024
sh
kill
ln
README
wc
forktest
echo
ls
rm
mkdir
init
cat
tester
stressfs
sem_test
zombie
grep
balloc: first 395 blocks have been allocated
balloc: write bitmap block at sector 28
rm user/bin/tester
make qemu-nox 
Makefile:152: user/bank.d: No such file or directory
Makefile:152: user/usertests.d: No such file or directory
No rule to make target user/usertests.d
No rule to make target user/bank.d
No rule to make target fs/bank
No rule to make target fs/usertests
./tools/mkfs fs.img fs
used 29 (bit 1 ninode 26) free 29 total 1024
sh
kill
ln
README
wc
forktest
echo
ls
rm
mkdir
init
cat
tester
stressfs
sem_test
zombie
grep
balloc: first 395 blocks have been allocated
balloc: write bitmap block at sector 28
Ctrl+a h for help
timeout --foreground --preserve-status 900 /p/course/cs537-remzi/ta/tools/qemu -nographic -hdb fs.img xv6.img -smp 2 
WARNING: Image format was not specified for 'fs.img' and probing guessed raw.
         Automatically detecting the format is dangerous for raw images, write operations on block 0 will be restricted.
         Specify the 'raw' format explicitly to remove the restrictions.
WARNING: Image format was not specified for 'xv6.img' and probing guessed raw.
         Automatically detecting the format is dangerous for raw images, write operations on block 0 will be restricted.
         Specify the 'raw' format explicitly to remove the restrictions.
xv6...
lapicinit: 1 0xfee00000
cpu1: starting
cpu0: starting
Enter wakeup
Exit wakeup
Enter wakeup
Exit wakeup
Enter wakeup
Exit wakeup
Enter wakeup
Exit wakeup
Enter wakeup
Exit wakeup
Enter wakeup
Exit wakeup
Enter wakeup
Exit wakeup
Enter wakeup
Exit wakeup
Enter wakeup
Exit wakeup
Enter wakeup
Exit wakeup
Enter wakeup
Exit wakeup
Enter wakeup
Exit wakeup
Enter wakeup
Wokeup thread 10cbb4
Exit wakeup
Enter wakeup
Exit wakeup
Enter wakeup
Wokeup thread 10cdcc
Exit wakeup
Enter wakeup
Exit wakeup
Enter wakeup
Exit wakeup
Enter wakeup
Wokeup thread 10cfe4
Exit wakeup
Enter wakeup
Exit wakeup
Enter wakeup
Wokeup thread 10d1fc
Exit wakeup
Enter wakeup
Exit wakeup
Enter wakeup
Exit wakeup
Enter wakeup
Exit wakeup
Enter wakeup
Exit wakeup
Enter wakeup
Exit wakeup
Enter wakeup
Exit wakeup
Enter wakeup
Exit wakeup
Enter wakeup
Exit wakeup
Enter wakeup
Exit wakeup
Enter wakeup
Exit wakeup
Enter wakeup
Exit wakeup
Enter wakeup
Exit wakeup
Enter wakeup
Exit wakeup
Enter wakeup
Exit wakeup
Enter wakeup
Exit wakeup
Enter wakeup
Wokeup thread 10d414
Exit wakeup
Enter wakeup
Exit wakeup
Enter wakeup
Wokeup thread 10d62c
Exit wakeup
Enter wakeup
Exit wakeup
Enter wakeup
Wokeup thread 10d844
Exit wakeup
Enter wakeup
Exit wakeup
Enter wakeup
Exit wakeup
Enter wakeup
Exit wakeup
Enter wakeup
Wokeup thread 10da5c
Exit wakeup
Enter wakeup
Exit wakeup
Enter wakeup
Wokeup thread 10dc74
Exit wakeup
Enter wakeup
Exit wakeup
Enter wakeup
Wokeup thread 10de8c
Exit wakeup
Enter wakeup
Exit wakeup
Enter wakeup
Exit wakeup
Enter wakeup
Exit wakeup
Enter wakeup
Exit wakeup
Enter wakeup
Exit wakeup
Enter wakeup
Exit wakeup
Enter wakeup
Exit wakeup
Enter wakeup
Exit wakeup
Enter wakeup
Exit wakeup
Enter wakeup
Exit wakeup
Enter wakeup
Exit wakeup
Enter wakeup
Wokeup thread 10cbb4
Exit wakeup
Enter wakeup
Exit wakeup
Enter wakeup
Wokeup thread 10cfe4
Exit wakeup
Enter wakeup
Exit wakeup
Enter wakeup
Exit wakeup
Enter wakeup
Exit wakeup
Enter wakeup
Exit wakeup
Enter wakeup
Exit wakeup
Enter wakeup
Exit wakeup
Enter wakeup
Exit wakeup
Enter wakeup
Wokeup thread 10d414
Exit wakeup
Enter wakeup
Exit wakeup
Enter wakeup
Exit wakeup
Enter wakeup
Exit wakeup
Enter wakeup
Exit wakeup
Enter wakeup
Exit wakeup
Enter wakeup
Exit wakeup
Enter wakeup
Exit wakeup
Enter wakeup
Exit wakeup
Enter wakeup
Wokeup thread 10d62c
Exit wakeup
Enter wakeup
Exit wakeup
Enter wakeup
Exit wakeup
Enter wakeup
Exit wakeup
Enter wakeup
Wokeup thread 10d62c
Exit wakeup
Enter wakeup
Exit wakeup
Enter wakeup
Exit wakeup
Enter wakeup
Exit wakeup
Enter wakeup
Exit wakeup
Enter wakeup
Exit wakeup
Enter wakeup
Wokeup thread 10d62c
Exit wakeup
Enter wakeup
Exit wakeup
Enter wakeup
Exit wakeup
Enter wakeup
Exit wakeup
Enter wakeup
Exit wakeup
Enter wakeup
Exit wakeup
Enter wakeup
Exit wakeup
Enter wakeup
Exit wakeup
Enter wakeup
Exit wakeup
Enter wakeup
Exit wakeup
Enter wakeup
Exit wakeup
Enter wakeup
Exit wakeup
Enter wakeup
Exit wakeup
Enter wakeup
Exit wakeup
Enter wakeup
Exit wakeup
Enter wakeup
Exit wakeup
Enter wakeup
Exit wakeup
Enter wakeup
Exit wakeup
Enter wakeup
Exit wakeup
Enter wakeup
Exit wakeup
Enter wakeup
Exit wakeup
Enter wakeup
Exit wakeup
Enter wakeup
Exit wakeup
Enter wakeup
Wokeup thread 10cdcc
Exit wakeup
Enter wakeup
Exit wakeup
Enter wakeup
Exit wakeup
Enter wakeup
Exit wakeup
Enter wakeup
Exit wakeup
Enter wakeup
Exit wakeup
Enter wakeup
Exit wakeup
Enter wakeup
Exit wakeup
Enter wakeup
Exit wakeup
iEnter wakeup
Exit wakeup
Enter wakeup
Exit wakeup
nEnter wakeup
Exit wakeup
Enter wakeup
Exit wakeup
iEnter wakeup
Exit wakeup
Enter wakeup
Exit wakeup
tEnter wakeup
Exit wakeup
Enter wakeup
Exit wakeup
:Enter wakeup
Exit wakeup
Enter wakeup
Exit wakeup
 Enter wakeup
Exit wakeup
Enter wakeup
Exit wakeup
sEnter wakeup
Exit wakeup
Enter wakeup
Exit wakeup
tEnter wakeup
Exit wakeup
Enter wakeup
Exit wakeup
aEnter wakeup
Exit wakeup
Enter wakeup
Exit wakeup
rEnter wakeup
Exit wakeup
Enter wakeup
Exit wakeup
tEnter wakeup
Exit wakeup
Enter wakeup
Exit wakeup
iEnter wakeup
Exit wakeup
Enter wakeup
Exit wakeup
nEnter wakeup
Exit wakeup
Enter wakeup
Exit wakeup
gEnter wakeup
Exit wakeup
Enter wakeup
Exit wakeup
 Enter wakeup
Exit wakeup
Enter wakeup
Exit wakeup
sEnter wakeup
Exit wakeup
Enter wakeup
Exit wakeup
hEnter wakeup
Exit wakeup
Enter wakeup
Exit wakeup

Enter wakeup
Exit wakeup
Enter wakeup
Exit wakeup
Enter wakeup
Exit wakeup
Enter wakeup
Exit wakeup
Enter wakeup
Exit wakeup
Enter wakeup
Exit wakeup
Enter wakeup
Exit wakeup
Enter wakeup
Wokeup thread 10d844
Exit wakeup
Enter wakeup
Exit wakeup
Enter wakeup
Exit wakeup
Enter wakeup
Exit wakeup
Enter wakeup
Exit wakeup
Enter wakeup
Exit wakeup
Enter wakeup
Wokeup thread 10da5c
Exit wakeup
Enter wakeup
Exit wakeup
Enter wakeup
Wokeup thread 10dc74
Exit wakeup
Enter wakeup
Exit wakeup
Enter wakeup
Exit wakeup
Enter wakeup
Exit wakeup
Enter wakeup
Exit wakeup
Enter wakeup
Exit wakeup
Enter wakeup
Wokeup thread 10de8c
Exit wakeup
Enter wakeup
Exit wakeup
Enter wakeup
Wokeup thread 10d1fc
Exit wakeup
Enter wakeup
Exit wakeup
Enter wakeup
Exit wakeup
Enter wakeup
Exit wakeup
Enter wakeup
Wokeup thread 10cbb4
Exit wakeup
Enter wakeup
Exit wakeup
Enter wakeup
Wokeup thread 10d414
Exit wakeup
Enter wakeup
Exit wakeup
Enter wakeup
Exit wakeup
Enter wakeup
Exit wakeup
Enter wakeup
Wokeup thread 10d62c
Exit wakeup
Enter wakeup
Exit wakeup
Enter wakeup
Wokeup thread 10cdcc
Exit wakeup
Enter wakeup
Exit wakeup
Enter wakeup
Exit wakeup
Enter wakeup
Wokeup thread 10cfe4
Exit wakeup
Enter wakeup
Exit wakeup
Enter wakeup
Wokeup thread 10d844
Exit wakeup
Enter wakeup
Exit wakeup
Enter wakeup
Wokeup thread 10da5c
Exit wakeup
Enter wakeup
Exit wakeup
Enter wakeup
Exit wakeup
Enter wakeup
Exit wakeup
Enter wakeup
Exit wakeup
Enter wakeup
Exit wakeup
Enter wakeup
Exit wakeup
Enter wakeup
Wokeup thread 10dc74
Exit wakeup
Enter wakeup
Exit wakeup
Enter wakeup
Exit wakeup
Enter wakeup
Exit wakeup
Enter wakeup
Wokeup thread 10de8c
Exit wakeup
Enter wakeup
Exit wakeup
Enter wakeup
Exit wakeup
Enter wakeup
Wokeup thread 10d1fc
Exit wakeup
Enter wakeup
Exit wakeup
Enter wakeup
Exit wakeup
Enter wakeup
Exit wakeup
Enter wakeup
Exit wakeup
Enter wakeup
Exit wakeup
Enter wakeup
Wokeup thread 10cbb4
Exit wakeup
Enter wakeup
Exit wakeup
Enter wakeup
Exit wakeup
Enter wakeup
Wokeup thread 10d414
Exit wakeup
Enter wakeup
Exit wakeup
Enter wakeup
Exit wakeup
Enter wakeup
Exit wakeup
Enter wakeup
Exit wakeup
$Enter wakeup
Exit wakeup
Enter wakeup
Exit wakeup
 Enter wakeup
Exit wakeup
Enter wakeup
Exit wakeup
Enter wakeup
Exit wakeup
Enter wakeup
Exit wakeup
Enter wakeup
Exit wakeup
Enter wakeup
Exit wakeup
Enter wakeup
Exit wakeup
Enter wakeup
Exit wakeup
Enter wakeup
Exit wakeup
Enter wakeup
Exit wakeup
Enter wakeup
Exit wakeup
Enter wakeup
Exit wakeup
Enter wakeup
Exit wakeup
Enter wakeup
Exit wakeup
Enter wakeup
Exit wakeup
Enter wakeup
Exit wakeup
Enter wakeup
Exit wakeup
Enter wakeup
Exit wakeup
Enter wakeup
Exit wakeup
Enter wakeup
Exit wakeup
Enter wakeup
Exit wakeup
Enter wakeup
Exit wakeup
Enter wakeup
Exit wakeup
Enter wakeup
Exit wakeup
Enter wakeup
Exit wakeup
Enter wakeup
Exit wakeup
Enter wakeup
Exit wakeup
Enter wakeup
Exit wakeup
Enter wakeup
Exit wakeup
Enter wakeup
Exit wakeup
Enter wakeup
Exit wakeup
Enter wakeup
Exit wakeup
Enter wakeup
Exit wakeup
Enter wakeup
Exit wakeup
Enter wakeup
Exit wakeup
Enter wakeup
Exit wakeup
Enter wakeup
Exit wakeup
Enter wakeup
Exit wakeup
Enter wakeup
Exit wakeup
Enter wakeup
Exit wakeup
Enter wakeup
Exit wakeup
Enter wakeup
Exit wakeup
Enter wakeup
Exit wakeup
Enter wakeup
Exit wakeup
Enter wakeup
Exit wakeup
Enter wakeup
Exit wakeup
Enter wakeup
Exit wakeup
Enter wakeup
Exit wakeup
Enter wakeup
Exit wakeup
Enter wakeup
Exit wakeup
Enter wakeup
Exit wakeup
Enter wakeup
Exit wakeup
Enter wakeup
Exit wakeup
Enter wakeup
Exit wakeup
Enter wakeup
Exit wakeup
Enter wakeup
Exit wakeup
Enter wakeup
Exit wakeup
Enter wakeup
Exit wakeup
Enter wakeup
Exit wakeup
Enter wakeup
Exit wakeup
Enter wakeup
Exit wakeup
Enter wakeup
Exit wakeup
Enter wakeup
Exit wakeup
Enter wakeup
Exit wakeup
Enter wakeup
Exit wakeup
Enter wakeup
Exit wakeup
Enter wakeup
Exit wakeup
Enter wakeup
Exit wakeup
Enter wakeup
Exit wakeup
Enter wakeup
Exit wakeup
Enter wakeup
Exit wakeup
Enter wakeup
Exit wakeup
Enter wakeup
Exit wakeup
Enter wakeup
Exit wakeup
Enter wakeup
Exit wakeup
Enter wakeup
Exit wakeup
Enter wakeup
Exit wakeup
Enter wakeup
Exit wakeup
Enter wakeup
Exit wakeup
Enter wakeup
Exit wakeup
Enter wakeup
Exit wakeup
Enter wakeup
Exit wakeup
Enter wakeup
Exit wakeup
Enter wakeup
Exit wakeup
Enter wakeup
Exit wakeup
Enter wakeup
Exit wakeup
Enter wakeup
Exit wakeup
Enter wakeup
Exit wakeup
Enter wakeup
Exit wakeup
Enter wakeup
Exit wakeup
Enter wakeup
Exit wakeup
Enter wakeup
Exit wakeup
Enter wakeup
Exit wakeup
Enter wakeup
Exit wakeup
Enter wakeup
Exit wakeup
Enter wakeup
Exit wakeup
Enter wakeup
Exit wakeup
Enter wakeup
Exit wakeup
Enter wakeup
Exit wakeup
Enter wakeup
Exit wakeup
Enter wakeup
Exit wakeup
Enter wakeup
Exit wakeup
Enter wakeup
Exit wakeup
Enter wakeup
Exit wakeup
Enter wakeup
Exit wakeup
Enter wakeup
Exit wakeup
Enter wakeup
Exit wakeup
Enter wakeup
Exit wakeup
Enter wakeup
Exit wakeup
Enter wakeup
Exit wakeup
Enter wakeup
Exit wakeup
Enter wakeup
Exit wakeup
Enter wakeup
Exit wakeup
Enter wakeup
Exit wakeup
Enter wakeup
Exit wakeup
Enter wakeup
Exit wakeup
Enter wakeup
Exit wakeup
Enter wakeup
Exit wakeup
Enter wakeup
Exit wakeup
Enter wakeup
Exit wakeup
Enter wakeup
Exit wakeup
Enter wakeup
Exit wakeup
Enter wakeup
Exit wakeup
Enter wakeup
Exit wakeup
Enter wakeup
Exit wakeup
Enter wakeup
Exit wakeup
Enter wakeup
Exit wakeup
Enter wakeup
Exit wakeup
Enter wakeup
Exit wakeup
Enter wakeup
Exit wakeup
Enter wakeup
Exit wakeup
Enter wakeup
Exit wakeup
Enter wakeup
Exit wakeup
Enter wakeup
Exit wakeup
Enter wakeup
Exit wakeup
Enter wakeup
Exit wakeup
Enter wakeup
Exit wakeup
Enter wakeup
Exit wakeup
Enter wakeup
Exit wakeup
Enter wakeup
Exit wakeup
Enter wakeup
Exit wakeup
Enter wakeup
Exit wakeup
Enter wakeup
Exit wakeup
Enter wakeup
Exit wakeup
Enter wakeup
Exit wakeup
Enter wakeup
Exit wakeup
Enter wakeup
Exit wakeup
Enter wakeup
Exit wakeup
Enter wakeup
Exit wakeup
Enter wakeup
Exit wakeup
Enter wakeup
Exit wakeup
Enter wakeup
Exit wakeup
Enter wakeup
Exit wakeup
Enter wakeup
Exit wakeup
Enter wakeup
Exit wakeup
Enter wakeup
Exit wakeup
Enter wakeup
Exit wakeup
Enter wakeup
Exit wakeup
Enter wakeup
Exit wakeup
Enter wakeup
Exit wakeup
Enter wakeup
Exit wakeup
Enter wakeup
Exit wakeup
Enter wakeup
Exit wakeup
Enter wakeup
Exit wakeup
Enter wakeup
Exit wakeup
Enter wakeup
Exit wakeup
Enter wakeup
Exit wakeup
Enter wakeup
Exit wakeup
Enter wakeup
Exit wakeup
Enter wakeup
Exit wakeup
Enter wakeup
Exit wakeup
Enter wakeup
Exit wakeup
Enter wakeup
Exit wakeup
Enter wakeup
Exit wakeup
Enter wakeup
Exit wakeup
Enter wakeup
Exit wakeup
Enter wakeup
Exit wakeup
Enter wakeup
Exit wakeup
Enter wakeup
Exit wakeup
Enter wakeup
Exit wakeup
Enter wakeup
Exit wakeup
Enter wakeup
Exit wakeup
Enter wakeup
Exit wakeup
Enter wakeup
Exit wakeup
Enter wakeup
Exit wakeup
Enter wakeup
Exit wakeup
Enter wakeup
Exit wakeup
Enter wakeup
Exit wakeup
Enter wakeup
Exit wakeup
Enter wakeup
Exit wakeup
Enter wakeup
Exit wakeup
Enter wakeup
Exit wakeup
Enter wakeup
Exit wakeup
Enter wakeup
Exit wakeup
Enter wakeup
Exit wakeup
Enter wakeup
Exit wakeup
Enter wakeup
Exit wakeup
Enter wakeup
Exit wakeup
Enter wakeup
Exit wakeup
Enter wakeup
Exit wakeup
Enter wakeup
Exit wakeup
Enter wakeup
Exit wakeup
Enter wakeup
Exit wakeup
Enter wakeup
Exit wakeup
Enter wakeup
Exit wakeup
Enter wakeup
Exit wakeup
Enter wakeup
Exit wakeup
Enter wakeup
Exit wakeup
Enter wakeup
Exit wakeup
Enter wakeup
Exit wakeup
Enter wakeup
Exit wakeup
Enter wakeup
Exit wakeup
Enter wakeup
Exit wakeup
Enter wakeup
Exit wakeup
Enter wakeup
Exit wakeup
Enter wakeup
Exit wakeup
Enter wakeup
Exit wakeup
Enter wakeup
Exit wakeup
Enter wakeup
Exit wakeup
Enter wakeup
Exit wakeup
Enter wakeup
Exit wakeup
Enter wakeup
Exit wakeup
Enter wakeup
Exit wakeup
Enter wakeup
Exit wakeup
Enter wakeup
Exit wakeup
Enter wakeup
Exit wakeup
Enter wakeup
Exit wakeup
Enter wakeup
Exit wakeup
Enter wakeup
Exit wakeup
Enter wakeup
Exit wakeup
Enter wakeup
Exit wakeup
Enter wakeup
Exit wakeup
Enter wakeup
Exit wakeup
Enter wakeup
Exit wakeup
Enter wakeup
Exit wakeup
Enter wakeup
Exit wakeup
Enter wakeup
Exit wakeup
Enter wakeup
Exit wakeup
Enter wakeup
Exit wakeup
Enter wakeup
Exit wakeup
Enter wakeup
Exit wakeup
Enter wakeup
Exit wakeup
Enter wakeup
Exit wakeup
Enter wakeup
Exit wakeup
Enter wakeup
Exit wakeup
Enter wakeup
Exit wakeup
Enter wakeup
Exit wakeup
Enter wakeup
Exit wakeup
Enter wakeup
Exit wakeup
Enter wakeup
Exit wakeup
Enter wakeup
Exit wakeup
Enter wakeup
Exit wakeup
Enter wakeup
Exit wakeup
Enter wakeup
Exit wakeup
Enter wakeup
Exit wakeup
Enter wakeup
Exit wakeup
Enter wakeup
Exit wakeup
Enter wakeup
Exit wakeup
Enter wakeup
Exit wakeup
Enter wakeup
Exit wakeup
Enter wakeup
Exit wakeup
Enter wakeup
Exit wakeup
Enter wakeup
Exit wakeup
Enter wakeup
Exit wakeup
Enter wakeup
Exit wakeup
Enter wakeup
Exit wakeup
Enter wakeup
Exit wakeup
Enter wakeup
Exit wakeup
Enter wakeup
Exit wakeup
Enter wakeup
Exit wakeup
Enter wakeup
Exit wakeup
Enter wakeup
Exit wakeup
Enter wakeup
Exit wakeup
Enter wakeup
Exit wakeup
Enter wakeup
Exit wakeup
Enter wakeup
Exit wakeup
Enter wakeup
Exit wakeup
Enter wakeup
Exit wakeup
Enter wakeup
Exit wakeup
Enter wakeup
Exit wakeup
Enter wakeup
Exit wakeup
Enter wakeup
Exit wakeup
Enter wakeup
Exit wakeup
Enter wakeup
Exit wakeup
Enter wakeup
Exit wakeup
Enter wakeup
Exit wakeup
Enter wakeup
Exit wakeup
Enter wakeup
Exit wakeup
Enter wakeup
Exit wakeup
Enter wakeup
Exit wakeup
Enter wakeup
Exit wakeup
Enter wakeup
Exit wakeup
Enter wakeup
Exit wakeup
Enter wakeup
Exit wakeup
Enter wakeup
Exit wakeup
Enter wakeup
Exit wakeup
Enter wakeup
Exit wakeup
Enter wakeup
Exit wakeup
Enter wakeup
Exit wakeup
Enter wakeup
Exit wakeup
Enter wakeup
Exit wakeup
Enter wakeup
Exit wakeup
Enter wakeup
Exit wakeup
Enter wakeup
Exit wakeup
Enter wakeup
Exit wakeup
Enter wakeup
Exit wakeup
Enter wakeup
Exit wakeup
Enter wakeup
Exit wakeup
Enter wakeup
Exit wakeup
Enter wakeup
Exit wakeup
Enter wakeup
Exit wakeup
Enter wakeup
Exit wakeup
Enter wakeup
Exit wakeup
Enter wakeup
Exit wakeup
Enter wakeup
Exit wakeup
Enter wakeup
Exit wakeup
Enter wakeup
Exit wakeup
Enter wakeup
Exit wakeup
Enter wakeup
Exit wakeup
Enter wakeup
Exit wakeup
Enter wakeup
Exit wakeup
Enter wakeup
Exit wakeup
Enter wakeup
Exit wakeup
Enter wakeup
Exit wakeup
Enter wakeup
Exit wakeup
Enter wakeup
Exit wakeup
Enter wakeup
Exit wakeup
Enter wakeup
Exit wakeup
Enter wakeup
Exit wakeup
Enter wakeup
Exit wakeup
Enter wakeup
Exit wakeup
Enter wakeup
Exit wakeup
Enter wakeup
Exit wakeup
Enter wakeup
Exit wakeup
Enter wakeup
Exit wakeup
Enter wakeup
Exit wakeup
Enter wakeup
Exit wakeup
Enter wakeup
Exit wakeup
Enter wakeup
Exit wakeup
Enter wakeup
Exit wakeup
Enter wakeup
Exit wakeup
Enter wakeup
Exit wakeup
Enter wakeup
Exit wakeup
Enter wakeup
Exit wakeup
Enter wakeup
Exit wakeup
Enter wakeup
Exit wakeup
Enter wakeup
Exit wakeup
Enter wakeup
Exit wakeup
Enter wakeup
Exit wakeup
Enter wakeup
Exit wakeup
Enter wakeup
Exit wakeup
Enter wakeup
Exit wakeup
Enter wakeup
Exit wakeup
Enter wakeup
Exit wakeup
Enter wakeup
Exit wakeup
Enter wakeup
Exit wakeup
Enter wakeup
Exit wakeup
Enter wakeup
Exit wakeup
Enter wakeup
Exit wakeup
Enter wakeup
Exit wakeup
Enter wakeup
Exit wakeup
Enter wakeup
Exit wakeup
Enter wakeup
Exit wakeup
Enter wakeup
Exit wakeup
Enter wakeup
Exit wakeup
Enter wakeup
Exit wakeup
Enter wakeup
Exit wakeup
Enter wakeup
Exit wakeup
Enter wakeup
Exit wakeup
Enter wakeup
Exit wakeup
Enter wakeup
Exit wakeup
Enter wakeup
Exit wakeup
Enter wakeup
Exit wakeup
Enter wakeup
Exit wakeup
Enter wakeup
Exit wakeup
Enter wakeup
Exit wakeup
Enter wakeup
Exit wakeup
Enter wakeup
Exit wakeup
Enter wakeup
Exit wakeup
Enter wakeup
Exit wakeup
Enter wakeup
Exit wakeup
Enter wakeup
Exit wakeup
Enter wakeup
Exit wakeup
Enter wakeup
Exit wakeup
Enter wakeup
Exit wakeup
Enter wakeup
Exit wakeup
Enter wakeup
Exit wakeup
Enter wakeup
Exit wakeup
Enter wakeup
Exit wakeup
Enter wakeup
Exit wakeup
Enter wakeup
Exit wakeup
Enter wakeup
Exit wakeup
Enter wakeup
Exit wakeup
Enter wakeup
Exit wakeup
Enter wakeup
Exit wakeup
Enter wakeup
Exit wakeup
Enter wakeup
Exit wakeup
Enter wakeup
Exit wakeup
Enter wakeup
Exit wakeup
Enter wakeup
Exit wakeup
Enter wakeup
Exit wakeup
Enter wakeup
Exit wakeup
Enter wakeup
Exit wakeup
Enter wakeup
Exit wakeup
Enter wakeup
Exit wakeup
Enter wakeup
Exit wakeup
Enter wakeup
Exit wakeup
Enter wakeup
Exit wakeup
Enter wakeup
Exit wakeup
Enter wakeup
Exit wakeup
Enter wakeup
Exit wakeup
Enter wakeup
Exit wakeup
Enter wakeup
Exit wakeup
Enter wakeup
Exit wakeup
Enter wakeup
Exit wakeup
Enter wakeup
Exit wakeup
Enter wakeup
Exit wakeup
Enter wakeup
Exit wakeup
Enter wakeup
Exit wakeup
Enter wakeup
Exit wakeup
Enter wakeup
Exit wakeup
Enter wakeup
Exit wakeup
Enter wakeup
Exit wakeup
Enter wakeup
Exit wakeup
Enter wakeup
Exit wakeup
Enter wakeup
Exit wakeup
Enter wakeup
Exit wakeup
Enter wakeup
Exit wakeup
Enter wakeup
Exit wakeup
Enter wakeup
Exit wakeup
Enter wakeup
Exit wakeup
Enter wakeup
Exit wakeup
Enter wakeup
Exit wakeup
Enter wakeup
Exit wakeup
Enter wakeup
Exit wakeup
Enter wakeup
Exit wakeup
Enter wakeup
Exit wakeup
Enter wakeup
Exit wakeup
Enter wakeup
Exit wakeup
Enter wakeup
Exit wakeup
Enter wakeup
Exit wakeup
Enter wakeup
Exit wakeup
Enter wakeup
Exit wakeup
Enter wakeup
Exit wakeup
Enter wakeup
Exit wakeup
Enter wakeup
Exit wakeup
Enter wakeup
Exit wakeup
Enter wakeup
Exit wakeup
Enter wakeup
Exit wakeup
Enter wakeup
Exit wakeup
Enter wakeup
Exit wakeup
Enter wakeup
Exit wakeup
Enter wakeup
Exit wakeup
Enter wakeup
Exit wakeup
Enter wakeup
Exit wakeup
Enter wakeup
Exit wakeup
Enter wakeup
Exit wakeup
Enter wakeup
Exit wakeup
Enter wakeup
Exit wakeup
Enter wakeup
Exit wakeup
Enter wakeup
Exit wakeup
Enter wakeup
Exit wakeup
Enter wakeup
Exit wakeup
Enter wakeup
Exit wakeup
Enter wakeup
Exit wakeup
Enter wakeup
Exit wakeup
Enter wakeup
Exit wakeup
Enter wakeup
Exit wakeup
Enter wakeup
Exit wakeup
Enter wakeup
Exit wakeup
Enter wakeup
Exit wakeup
Enter wakeup
Exit wakeup
Enter wakeup
Exit wakeup
Enter wakeup
Exit wakeup
Enter wakeup
Exit wakeup
Enter wakeup
Exit wakeup
Enter wakeup
Exit wakeup
Enter wakeup
Exit wakeup
Enter wakeup
Exit wakeup
Enter wakeup
Exit wakeup
Enter wakeup
Exit wakeup
Enter wakeup
Exit wakeup
Enter wakeup
Exit wakeup
Enter wakeup
Exit wakeup
Enter wakeup
Exit wakeup
Enter wakeup
Exit wakeup
Enter wakeup
Exit wakeup
Enter wakeup
Exit wakeup
Enter wakeup
Exit wakeup
Enter wakeup
Exit wakeup
Enter wakeup
Exit wakeup
Enter wakeup
Exit wakeup
Enter wakeup
Exit wakeup
Enter wakeup
Exit wakeup
Enter wakeup
Exit wakeup
Enter wakeup
Exit wakeup
Enter wakeup
Exit wakeup


test lock_init_test FAILED (0 of 5)
 (test for lock init prepoerly with correct return value)
 Timelimit (15.0s) exceeded

starting lock_basic

**********************************************************************

Test lock_basic
basic test for lock correctness

**********************************************************************
Running xv6 user progam /u/c/s/cs537-1/tests/ec/ctests/lock_basic.c
Trying to build project using make
make
Makefile:152: user/bank.d: No such file or directory
Makefile:152: user/usertests.d: No such file or directory
No rule to make target user/usertests.d
gcc  -I include -nostdinc -Wall -Werror -ggdb -fno-pic -fno-builtin -fno-strict-aliasing -fno-stack-protector -m32 \
	-M -MG user/tester.c -MF user/tester.d -MT user/tester.d -MT user/tester.o
No rule to make target user/bank.d
Makefile:152: user/bank.d: No such file or directory
Makefile:152: user/usertests.d: No such file or directory
No rule to make target user/usertests.d
No rule to make target user/bank.d
No rule to make target fs/bank
gcc  -I include -nostdinc -Wall -Werror -ggdb -fno-pic -fno-builtin -fno-strict-aliasing -fno-stack-protector -m32 -c -o user/tester.o user/tester.c
ld  -m    elf_i386 -nostdlib --omagic --entry=main --section-start=.text=0x0 --output=user/bin/tester user/tester.o user/ulib.o user/usys.o user/printf.o user/umalloc.o
cp user/bin/tester fs/tester
No rule to make target fs/usertests
./tools/mkfs fs.img fs
used 29 (bit 1 ninode 26) free 29 total 1024
sh
kill
ln
README
wc
forktest
echo
ls
rm
mkdir
init
cat
tester
stressfs
sem_test
zombie
grep
balloc: first 398 blocks have been allocated
balloc: write bitmap block at sector 28
rm user/bin/tester
make qemu-nox 
Makefile:152: user/bank.d: No such file or directory
Makefile:152: user/usertests.d: No such file or directory
No rule to make target user/usertests.d
No rule to make target user/bank.d
No rule to make target fs/bank
No rule to make target fs/usertests
./tools/mkfs fs.img fs
used 29 (bit 1 ninode 26) free 29 total 1024
sh
kill
ln
README
wc
forktest
echo
ls
rm
mkdir
init
cat
tester
stressfs
sem_test
zombie
grep
balloc: first 398 blocks have been allocated
balloc: write bitmap block at sector 28
Ctrl+a h for help
timeout --foreground --preserve-status 900 /p/course/cs537-remzi/ta/tools/qemu -nographic -hdb fs.img xv6.img -smp 2 
WARNING: Image format was not specified for 'fs.img' and probing guessed raw.
         Automatically detecting the format is dangerous for raw images, write operations on block 0 will be restricted.
         Specify the 'raw' format explicitly to remove the restrictions.
WARNING: Image format was not specified for 'xv6.img' and probing guessed raw.
         Automatically detecting the format is dangerous for raw images, write operations on block 0 will be restricted.
         Specify the 'raw' format explicitly to remove the restrictions.
xv6...
lapicinit: 1 0xfee00000
cpu1: starting
cpu0: starting
Enter wakeup
Exit wakeup
Enter wakeup
Exit wakeup
Enter wakeup
Exit wakeup
Enter wakeup
Exit wakeup
Enter wakeup
Exit wakeup
Enter wakeup
Exit wakeup
Enter wakeup
Exit wakeup
Enter wakeup
Exit wakeup
Enter wakeup
Exit wakeup
Enter wakeup
Wokeup thread 10cbb4
Exit wakeup
Enter wakeup
Exit wakeup
Enter wakeup
Exit wakeup
Enter wakeup
Exit wakeup
Enter wakeup
Wokeup thread 10cdcc
Exit wakeup
Enter wakeup
Exit wakeup
Enter wakeup
Exit wakeup
Enter wakeup
Exit wakeup
Enter wakeup
Exit wakeup
Enter wakeup
Wokeup thread 10cfe4
Exit wakeup
Enter wakeup
Exit wakeup
Enter wakeup
Wokeup thread 10d1fc
Exit wakeup
Enter wakeup
Exit wakeup
Enter wakeup
Exit wakeup
Enter wakeup
Exit wakeup
Enter wakeup
Exit wakeup
Enter wakeup
Exit wakeup
Enter wakeup
Exit wakeup
Enter wakeup
Exit wakeup
Enter wakeup
Exit wakeup
Enter wakeup
Exit wakeup
Enter wakeup
Exit wakeup
Enter wakeup
Exit wakeup
Enter wakeup
Exit wakeup
Enter wakeup
Exit wakeup
Enter wakeup
Wokeup thread 10d414
Exit wakeup
Enter wakeup
Exit wakeup
Enter wakeup
Exit wakeup
Enter wakeup
Exit wakeup
Enter wakeup
Exit wakeup
Enter wakeup
Exit wakeup
Enter wakeup
Exit wakeup
Enter wakeup
Exit wakeup
Enter wakeup
Wokeup thread 10d62c
Exit wakeup
Enter wakeup
Exit wakeup
Enter wakeup
Wokeup thread 10d844
Exit wakeup
Enter wakeup
Exit wakeup
Enter wakeup
Exit wakeup
Enter wakeup
Exit wakeup
Enter wakeup
Wokeup thread 10da5c
Exit wakeup
Enter wakeup
Exit wakeup
Enter wakeup
Exit wakeup
Enter wakeup
Exit wakeup
Enter wakeup
Exit wakeup
Enter wakeup
Exit wakeup
Enter wakeup
Wokeup thread 10dc74
Exit wakeup
Enter wakeup
Exit wakeup
Enter wakeup
Wokeup thread 10de8c
Exit wakeup
Enter wakeup
Exit wakeup
Enter wakeup
Exit wakeup
Enter wakeup
Exit wakeup
Enter wakeup
Exit wakeup
Enter wakeup
Exit wakeup
Enter wakeup
Exit wakeup
Enter wakeup
Exit wakeup
Enter wakeup
Exit wakeup
Enter wakeup
Exit wakeup
Enter wakeup
Exit wakeup
Enter wakeup
Exit wakeup
Enter wakeup
Exit wakeup
Enter wakeup
Wokeup thread 10cbb4
Exit wakeup
Enter wakeup
Exit wakeup
Enter wakeup
Wokeup thread 10cfe4
Exit wakeup
Enter wakeup
Exit wakeup
Enter wakeup
Exit wakeup
Enter wakeup
Exit wakeup
Enter wakeup
Exit wakeup
Enter wakeup
Exit wakeup
Enter wakeup
Exit wakeup
Enter wakeup
Exit wakeup
Enter wakeup
Exit wakeup
Enter wakeup
Exit wakeup
Enter wakeup
Exit wakeup
Enter wakeup
Wokeup thread 10d414
Exit wakeup
Enter wakeup
Exit wakeup
Enter wakeup
Exit wakeup
Enter wakeup
Exit wakeup
Enter wakeup
Exit wakeup
Enter wakeup
Exit wakeup
Enter wakeup
Exit wakeup
Enter wakeup
Exit wakeup
Enter wakeup
Exit wakeup
Enter wakeup
Exit wakeup
Enter wakeup
Exit wakeup
Enter wakeup
Exit wakeup
Enter wakeup
Exit wakeup
Enter wakeup
Exit wakeup
Enter wakeup
Exit wakeup
Enter wakeup
Wokeup thread 10d62c
Exit wakeup
Enter wakeup
Exit wakeup
Enter wakeup
Exit wakeup
Enter wakeup
Exit wakeup
Enter wakeup
Wokeup thread 10d62c
Exit wakeup
Enter wakeup
Exit wakeup
Enter wakeup
Exit wakeup
Enter wakeup
Exit wakeup
Enter wakeup
Exit wakeup
Enter wakeup
Exit wakeup
Enter wakeup
Wokeup thread 10d62c
Exit wakeup
Enter wakeup
Exit wakeup
Enter wakeup
Exit wakeup
Enter wakeup
Exit wakeup
Enter wakeup
Exit wakeup
Enter wakeup
Exit wakeup
Enter wakeup
Exit wakeup
Enter wakeup
Exit wakeup
Enter wakeup
Exit wakeup
Enter wakeup
Exit wakeup
Enter wakeup
Exit wakeup
Enter wakeup
Exit wakeup
Enter wakeup
Exit wakeup
Enter wakeup
Exit wakeup
Enter wakeup
Exit wakeup
Enter wakeup
Exit wakeup
Enter wakeup
Exit wakeup
Enter wakeup
Exit wakeup
Enter wakeup
Exit wakeup
Enter wakeup
Exit wakeup
Enter wakeup
Exit wakeup
Enter wakeup
Exit wakeup
Enter wakeup
Exit wakeup
Enter wakeup
Exit wakeup
Enter wakeup
Exit wakeup
Enter wakeup
Exit wakeup
Enter wakeup
Exit wakeup
Enter wakeup
Wokeup thread 10cdcc
Exit wakeup
Enter wakeup
Exit wakeup
Enter wakeup
Exit wakeup
Enter wakeup
Exit wakeup
Enter wakeup
Exit wakeup
Enter wakeup
Exit wakeup
Enter wakeup
Exit wakeup
Enter wakeup
Exit wakeup
Enter wakeup
Exit wakeup
iEnter wakeup
Exit wakeup
Enter wakeup
Exit wakeup
nEnter wakeup
Exit wakeup
Enter wakeup
Exit wakeup
iEnter wakeup
Exit wakeup
Enter wakeup
Exit wakeup
tEnter wakeup
Exit wakeup
Enter wakeup
Exit wakeup
:Enter wakeup
Exit wakeup
Enter wakeup
Exit wakeup
 Enter wakeup
Exit wakeup
Enter wakeup
Exit wakeup
sEnter wakeup
Exit wakeup
Enter wakeup
Exit wakeup
tEnter wakeup
Exit wakeup
Enter wakeup
Exit wakeup
aEnter wakeup
Exit wakeup
Enter wakeup
Exit wakeup
rEnter wakeup
Exit wakeup
Enter wakeup
Exit wakeup
tEnter wakeup
Exit wakeup
Enter wakeup
Exit wakeup
iEnter wakeup
Exit wakeup
Enter wakeup
Exit wakeup
nEnter wakeup
Exit wakeup
Enter wakeup
Exit wakeup
gEnter wakeup
Exit wakeup
Enter wakeup
Exit wakeup
 Enter wakeup
Exit wakeup
Enter wakeup
Exit wakeup
sEnter wakeup
Exit wakeup
Enter wakeup
Exit wakeup
hEnter wakeup
Exit wakeup
Enter wakeup
Exit wakeup

Enter wakeup
Exit wakeup
Enter wakeup
Exit wakeup
Enter wakeup
Exit wakeup
Enter wakeup
Exit wakeup
Enter wakeup
Wokeup thread 10d844
Exit wakeup
Enter wakeup
Exit wakeup
Enter wakeup
Exit wakeup
Enter wakeup
Exit wakeup
Enter wakeup
Wokeup thread 10da5c
Exit wakeup
Enter wakeup
Exit wakeup
Enter wakeup
Exit wakeup
Enter wakeup
Exit wakeup
Enter wakeup
Exit wakeup
Enter wakeup
Exit wakeup
Enter wakeup
Exit wakeup
Enter wakeup
Exit wakeup
Enter wakeup
Exit wakeup
Enter wakeup
Exit wakeup
Enter wakeup
Exit wakeup
Enter wakeup
Exit wakeup
Enter wakeup
Wokeup thread 10dc74
Exit wakeup
Enter wakeup
Exit wakeup
Enter wakeup
Wokeup thread 10de8c
Exit wakeup
Enter wakeup
Exit wakeup
Enter wakeup
Wokeup thread 10d1fc
Exit wakeup
Enter wakeup
Exit wakeup
Enter wakeup
Wokeup thread 10cbb4
Exit wakeup
Enter wakeup
Exit wakeup
Enter wakeup
Wokeup thread 10d414
Exit wakeup
Enter wakeup
Exit wakeup
Enter wakeup
Wokeup thread 10d62c
Exit wakeup
Enter wakeup
Exit wakeup
Enter wakeup
Wokeup thread 10cdcc
Exit wakeup
Enter wakeup
Exit wakeup
Enter wakeup
Exit wakeup
Enter wakeup
Wokeup thread 10cfe4
Exit wakeup
Enter wakeup
Exit wakeup
Enter wakeup
Exit wakeup
Enter wakeup
Exit wakeup
Enter wakeup
Exit wakeup
Enter wakeup
Exit wakeup
Enter wakeup
Exit wakeup
Enter wakeup
Exit wakeup
Enter wakeup
Wokeup thread 10d844
Exit wakeup
Enter wakeup
Exit wakeup
Enter wakeup
Exit wakeup
Enter wakeup
Exit wakeup
Enter wakeup
Exit wakeup
Enter wakeup
Exit wakeup
Enter wakeup
Exit wakeup
Enter wakeup
Exit wakeup
Enter wakeup
Exit wakeup
Enter wakeup
Wokeup thread 10da5c
Exit wakeup
Enter wakeup
Exit wakeup
Enter wakeup
Wokeup thread 10dc74
Exit wakeup
Enter wakeup
Exit wakeup
Enter wakeup
Wokeup thread 10de8c
Exit wakeup
Enter wakeup
Exit wakeup
Enter wakeup
Exit wakeup
Enter wakeup
Exit wakeup
Enter wakeup
Exit wakeup
Enter wakeup
Wokeup thread 10d1fc
Exit wakeup
Enter wakeup
Exit wakeup
Enter wakeup
Wokeup thread 10cbb4
Exit wakeup
Enter wakeup
Exit wakeup
Enter wakeup
Exit wakeup
Enter wakeup
Exit wakeup
Enter wakeup
Exit wakeup
Enter wakeup
Wokeup thread 10d414
Exit wakeup
Enter wakeup
Exit wakeup
Enter wakeup
Exit wakeup
Enter wakeup
Exit wakeup
Enter wakeup
Exit wakeup
$Enter wakeup
Exit wakeup
Enter wakeup
Exit wakeup
 Enter wakeup
Exit wakeup
Enter wakeup
Exit wakeup
Enter wakeup
Exit wakeup
Enter wakeup
Exit wakeup
Enter wakeup
Exit wakeup
Enter wakeup
Exit wakeup
Enter wakeup
Exit wakeup
Enter wakeup
Exit wakeup
Enter wakeup
Exit wakeup
Enter wakeup
Exit wakeup
Enter wakeup
Exit wakeup
Enter wakeup
Exit wakeup
Enter wakeup
Exit wakeup
Enter wakeup
Exit wakeup
Enter wakeup
Exit wakeup
Enter wakeup
Exit wakeup
Enter wakeup
Exit wakeup
Enter wakeup
Exit wakeup
Enter wakeup
Exit wakeup
Enter wakeup
Exit wakeup
Enter wakeup
Exit wakeup
Enter wakeup
Exit wakeup
Enter wakeup
Exit wakeup
Enter wakeup
Exit wakeup
Enter wakeup
Exit wakeup
Enter wakeup
Exit wakeup
Enter wakeup
Exit wakeup
Enter wakeup
Exit wakeup
Enter wakeup
Exit wakeup
Enter wakeup
Exit wakeup
Enter wakeup
Exit wakeup
Enter wakeup
Exit wakeup
Enter wakeup
Exit wakeup
Enter wakeup
Exit wakeup
Enter wakeup
Exit wakeup
Enter wakeup
Exit wakeup
Enter wakeup
Exit wakeup
Enter wakeup
Exit wakeup
Enter wakeup
Exit wakeup
Enter wakeup
Exit wakeup
Enter wakeup
Exit wakeup
Enter wakeup
Exit wakeup
Enter wakeup
Exit wakeup
Enter wakeup
Exit wakeup
Enter wakeup
Exit wakeup
Enter wakeup
Exit wakeup
Enter wakeup
Exit wakeup
Enter wakeup
Exit wakeup
Enter wakeup
Exit wakeup
Enter wakeup
Exit wakeup
Enter wakeup
Exit wakeup
Enter wakeup
Exit wakeup
Enter wakeup
Exit wakeup
Enter wakeup
Exit wakeup
Enter wakeup
Exit wakeup
Enter wakeup
Exit wakeup
Enter wakeup
Exit wakeup
Enter wakeup
Exit wakeup
Enter wakeup
Exit wakeup
Enter wakeup
Exit wakeup
Enter wakeup
Exit wakeup
Enter wakeup
Exit wakeup
Enter wakeup
Exit wakeup
Enter wakeup
Exit wakeup
Enter wakeup
Exit wakeup
Enter wakeup
Exit wakeup
Enter wakeup
Exit wakeup
Enter wakeup
Exit wakeup
Enter wakeup
Exit wakeup
Enter wakeup
Exit wakeup
Enter wakeup
Exit wakeup
Enter wakeup
Exit wakeup
Enter wakeup
Exit wakeup
Enter wakeup
Exit wakeup
Enter wakeup
Exit wakeup
Enter wakeup
Exit wakeup
Enter wakeup
Exit wakeup
Enter wakeup
Exit wakeup
Enter wakeup
Exit wakeup
Enter wakeup
Exit wakeup
Enter wakeup
Exit wakeup
Enter wakeup
Exit wakeup
Enter wakeup
Exit wakeup
Enter wakeup
Exit wakeup
Enter wakeup
Exit wakeup
Enter wakeup
Exit wakeup
Enter wakeup
Exit wakeup
Enter wakeup
Exit wakeup
Enter wakeup
Exit wakeup
Enter wakeup
Exit wakeup
Enter wakeup
Exit wakeup
Enter wakeup
Exit wakeup
Enter wakeup
Exit wakeup
Enter wakeup
Exit wakeup
Enter wakeup
Exit wakeup
Enter wakeup
Exit wakeup
Enter wakeup
Exit wakeup
Enter wakeup
Exit wakeup
Enter wakeup
Exit wakeup
Enter wakeup
Exit wakeup
Enter wakeup
Exit wakeup
Enter wakeup
Exit wakeup
Enter wakeup
Exit wakeup
Enter wakeup
Exit wakeup
Enter wakeup
Exit wakeup
Enter wakeup
Exit wakeup
Enter wakeup
Exit wakeup
Enter wakeup
Exit wakeup
Enter wakeup
Exit wakeup
Enter wakeup
Exit wakeup
Enter wakeup
Exit wakeup
Enter wakeup
Exit wakeup
Enter wakeup
Exit wakeup
Enter wakeup
Exit wakeup
Enter wakeup
Exit wakeup
Enter wakeup
Exit wakeup
Enter wakeup
Exit wakeup
Enter wakeup
Exit wakeup
Enter wakeup
Exit wakeup
Enter wakeup
Exit wakeup
Enter wakeup
Exit wakeup
Enter wakeup
Exit wakeup
Enter wakeup
Exit wakeup
Enter wakeup
Exit wakeup
Enter wakeup
Exit wakeup
Enter wakeup
Exit wakeup
Enter wakeup
Exit wakeup
Enter wakeup
Exit wakeup
Enter wakeup
Exit wakeup
Enter wakeup
Exit wakeup
Enter wakeup
Exit wakeup
Enter wakeup
Exit wakeup
Enter wakeup
Exit wakeup
Enter wakeup
Exit wakeup
Enter wakeup
Exit wakeup
Enter wakeup
Exit wakeup
Enter wakeup
Exit wakeup
Enter wakeup
Exit wakeup
Enter wakeup
Exit wakeup
Enter wakeup
Exit wakeup
Enter wakeup
Exit wakeup
Enter wakeup
Exit wakeup
Enter wakeup
Exit wakeup
Enter wakeup
Exit wakeup
Enter wakeup
Exit wakeup
Enter wakeup
Exit wakeup
Enter wakeup
Exit wakeup
Enter wakeup
Exit wakeup
Enter wakeup
Exit wakeup
Enter wakeup
Exit wakeup
Enter wakeup
Exit wakeup
Enter wakeup
Exit wakeup
Enter wakeup
Exit wakeup
Enter wakeup
Exit wakeup
Enter wakeup
Exit wakeup
Enter wakeup
Exit wakeup
Enter wakeup
Exit wakeup
Enter wakeup
Exit wakeup
Enter wakeup
Exit wakeup
Enter wakeup
Exit wakeup
Enter wakeup
Exit wakeup
Enter wakeup
Exit wakeup
Enter wakeup
Exit wakeup
Enter wakeup
Exit wakeup
Enter wakeup
Exit wakeup
Enter wakeup
Exit wakeup
Enter wakeup
Exit wakeup
Enter wakeup
Exit wakeup
Enter wakeup
Exit wakeup
Enter wakeup
Exit wakeup
Enter wakeup
Exit wakeup
Enter wakeup
Exit wakeup
Enter wakeup
Exit wakeup
Enter wakeup
Exit wakeup
Enter wakeup
Exit wakeup
Enter wakeup
Exit wakeup
Enter wakeup
Exit wakeup
Enter wakeup
Exit wakeup
Enter wakeup
Exit wakeup
Enter wakeup
Exit wakeup
Enter wakeup
Exit wakeup
Enter wakeup
Exit wakeup
Enter wakeup
Exit wakeup
Enter wakeup
Exit wakeup
Enter wakeup
Exit wakeup
Enter wakeup
Exit wakeup
Enter wakeup
Exit wakeup
Enter wakeup
Exit wakeup
Enter wakeup
Exit wakeup
Enter wakeup
Exit wakeup
Enter wakeup
Exit wakeup
Enter wakeup
Exit wakeup
Enter wakeup
Exit wakeup
Enter wakeup
Exit wakeup
Enter wakeup
Exit wakeup
Enter wakeup
Exit wakeup
Enter wakeup
Exit wakeup
Enter wakeup
Exit wakeup
Enter wakeup
Exit wakeup
Enter wakeup
Exit wakeup
Enter wakeup
Exit wakeup
Enter wakeup
Exit wakeup
Enter wakeup
Exit wakeup
Enter wakeup
Exit wakeup
Enter wakeup
Exit wakeup
Enter wakeup
Exit wakeup
Enter wakeup
Exit wakeup
Enter wakeup
Exit wakeup
Enter wakeup
Exit wakeup
Enter wakeup
Exit wakeup
Enter wakeup
Exit wakeup
Enter wakeup
Exit wakeup
Enter wakeup
Exit wakeup
Enter wakeup
Exit wakeup
Enter wakeup
Exit wakeup
Enter wakeup
Exit wakeup
Enter wakeup
Exit wakeup
Enter wakeup
Exit wakeup
Enter wakeup
Exit wakeup
Enter wakeup
Exit wakeup
Enter wakeup
Exit wakeup
Enter wakeup
Exit wakeup
Enter wakeup
Exit wakeup
Enter wakeup
Exit wakeup
Enter wakeup
Exit wakeup
Enter wakeup
Exit wakeup
Enter wakeup
Exit wakeup
Enter wakeup
Exit wakeup
Enter wakeup
Exit wakeup
Enter wakeup
Exit wakeup
Enter wakeup
Exit wakeup
Enter wakeup
Exit wakeup
Enter wakeup
Exit wakeup
Enter wakeup
Exit wakeup
Enter wakeup
Exit wakeup
Enter wakeup
Exit wakeup
Enter wakeup
Exit wakeup
Enter wakeup
Exit wakeup
Enter wakeup
Exit wakeup
Enter wakeup
Exit wakeup
Enter wakeup
Exit wakeup
Enter wakeup
Exit wakeup
Enter wakeup
Exit wakeup
Enter wakeup
Exit wakeup
Enter wakeup
Exit wakeup
Enter wakeup
Exit wakeup
Enter wakeup
Exit wakeup
Enter wakeup
Exit wakeup
Enter wakeup
Exit wakeup
Enter wakeup
Exit wakeup
Enter wakeup
Exit wakeup
Enter wakeup
Exit wakeup
Enter wakeup
Exit wakeup
Enter wakeup
Exit wakeup
Enter wakeup
Exit wakeup
Enter wakeup
Exit wakeup
Enter wakeup
Exit wakeup
Enter wakeup
Exit wakeup
Enter wakeup
Exit wakeup
Enter wakeup
Exit wakeup
Enter wakeup
Exit wakeup
Enter wakeup
Exit wakeup
Enter wakeup
Exit wakeup
Enter wakeup
Exit wakeup
Enter wakeup
Exit wakeup
Enter wakeup
Exit wakeup
Enter wakeup
Exit wakeup
Enter wakeup
Exit wakeup
Enter wakeup
Exit wakeup
Enter wakeup
Exit wakeup
Enter wakeup
Exit wakeup
Enter wakeup
Exit wakeup
Enter wakeup
Exit wakeup
Enter wakeup
Exit wakeup
Enter wakeup
Exit wakeup
Enter wakeup
Exit wakeup
Enter wakeup
Exit wakeup
Enter wakeup
Exit wakeup
Enter wakeup
Exit wakeup
Enter wakeup
Exit wakeup
Enter wakeup
Exit wakeup
Enter wakeup
Exit wakeup
Enter wakeup
Exit wakeup
Enter wakeup
Exit wakeup
Enter wakeup
Exit wakeup
Enter wakeup
Exit wakeup
Enter wakeup
Exit wakeup
Enter wakeup
Exit wakeup
Enter wakeup
Exit wakeup
Enter wakeup
Exit wakeup
Enter wakeup
Exit wakeup
Enter wakeup
Exit wakeup
Enter wakeup
Exit wakeup
Enter wakeup
Exit wakeup
Enter wakeup
Exit wakeup
Enter wakeup
Exit wakeup
Enter wakeup
Exit wakeup
Enter wakeup
Exit wakeup
Enter wakeup
Exit wakeup
Enter wakeup
Exit wakeup
Enter wakeup
Exit wakeup
Enter wakeup
Exit wakeup
Enter wakeup
Exit wakeup
Enter wakeup
Exit wakeup
Enter wakeup
Exit wakeup
Enter wakeup
Exit wakeup
Enter wakeup
Exit wakeup
Enter wakeup
Exit wakeup
Enter wakeup
Exit wakeup
Enter wakeup
Exit wakeup
Enter wakeup
Exit wakeup
Enter wakeup
Exit wakeup
Enter wakeup
Exit wakeup
Enter wakeup
Exit wakeup
Enter wakeup
Exit wakeup
Enter wakeup
Exit wakeup
Enter wakeup
Exit wakeup
Enter wakeup
Exit wakeup
Enter wakeup
Exit wakeup
Enter wakeup
Exit wakeup
Enter wakeup
Exit wakeup
Enter wakeup
Exit wakeup
Enter wakeup
Exit wakeup
Enter wakeup
Exit wakeup
Enter wakeup
Exit wakeup
Enter wakeup
Exit wakeup
Enter wakeup
Exit wakeup
Enter wakeup
Exit wakeup
Enter wakeup
Exit wakeup
Enter wakeup
Exit wakeup
Enter wakeup
Exit wakeup
Enter wakeup
Exit wakeup
Enter wakeup
Exit wakeup
Enter wakeup
Exit wakeup
Enter wakeup
Exit wakeup
Enter wakeup
Exit wakeup
Enter wakeup
Exit wakeup
Enter wakeup
Exit wakeup
Enter wakeup
Exit wakeup
Enter wakeup
Exit wakeup
Enter wakeup
Exit wakeup
Enter wakeup
Exit wakeup
Enter wakeup
Exit wakeup
Enter wakeup
Exit wakeup
Enter wakeup
Exit wakeup
Enter wakeup
Exit wakeup
Enter wakeup
Exit wakeup
Enter wakeup
Exit wakeup
Enter wakeup
Exit wakeup
Enter wakeup
Exit wakeup
Enter wakeup
Exit wakeup
Enter wakeup
Exit wakeup
Enter wakeup
Exit wakeup
Enter wakeup
Exit wakeup
Enter wakeup
Exit wakeup
Enter wakeup
Exit wakeup
Enter wakeup
Exit wakeup
Enter wakeup
Exit wakeup
Enter wakeup
Exit wakeup
Enter wakeup
Exit wakeup
Enter wakeup
Exit wakeup
Enter wakeup
Exit wakeup
Enter wakeup
Exit wakeup
Enter wakeup
Exit wakeup
Enter wakeup
Exit wakeup
Enter wakeup
Exit wakeup
Enter wakeup
Exit wakeup
Enter wakeup
Exit wakeup
Enter wakeup
Exit wakeup
Enter wakeup
Exit wakeup
Enter wakeup
Exit wakeup
Enter wakeup
Exit wakeup
Enter wakeup
Exit wakeup
Enter wakeup
Exit wakeup
Enter wakeup
Exit wakeup
Enter wakeup
Exit wakeup
Enter wakeup
Exit wakeup
Enter wakeup
Exit wakeup
Enter wakeup
Exit wakeup
Enter wakeup
Exit wakeup
Enter wakeup
Exit wakeup
Enter wakeup
Exit wakeup
Enter wakeup
Exit wakeup
Enter wakeup
Exit wakeup
Enter wakeup
Exit wakeup
Enter wakeup
Exit wakeup
Enter wakeup
Exit wakeup
Enter wakeup
Exit wakeup
Enter wakeup
Exit wakeup
Enter wakeup
Exit wakeup
Enter wakeup
Exit wakeup
Enter wakeup
Exit wakeup
Enter wakeup
Exit wakeup
Enter wakeup
Exit wakeup
Enter wakeup
Exit wakeup
Enter wakeup
Exit wakeup
Enter wakeup
Exit wakeup
Enter wakeup
Exit wakeup
Enter wakeup
Exit wakeup
Enter wakeup
Exit wakeup
Enter wakeup
Exit wakeup
Enter wakeup
Exit wakeup
Enter wakeup
Exit wakeup
Enter wakeup
Exit wakeup
Enter wakeup
Exit wakeup
Enter wakeup
Exit wakeup
Enter wakeup
Exit wakeup
Enter wakeup
Exit wakeup
Enter wakeup
Exit wakeup
Enter wakeup
Exit wakeup
Enter wakeup
Exit wakeup
Enter wakeup
Exit wakeup
Enter wakeup
Exit wakeup
Enter wakeup
Exit wakeup
Enter wakeup
Exit wakeup
Enter wakeup
Exit wakeup
Enter wakeup
Exit wakeup
Enter wakeup
Exit wakeup
Enter wakeup
Exit wakeup
Enter wakeup
Exit wakeup
Enter wakeup
Exit wakeup
Enter wakeup
Exit wakeup
Enter wakeup
Exit wakeup
Enter wakeup
Exit wakeup
Enter wakeup
Exit wakeup
Enter wakeup
Exit wakeup
Enter wakeup
Exit wakeup
Enter wakeup
Exit wakeup
Enter wakeup
Exit wakeup
Enter wakeup
Exit wakeup
Enter wakeup
Exit wakeup
Enter wakeup
Exit wakeup
Enter wakeup
Exit wakeup
Enter wakeup
Exit wakeup
Enter wakeup
Exit wakeup
Enter wakeup
Exit wakeup
Enter wakeup
Exit wakeup
Enter wakeup
Exit wakeup
Enter wakeup
Exit wakeup
Enter wakeup
Exit wakeup
Enter wakeup
Exit wakeup
Enter wakeup
Exit wakeup
Enter wakeup
Exit wakeup
Enter wakeup
Exit wakeup
Enter wakeup
Exit wakeup
Enter wakeup
Exit wakeup
Enter wakeup
Exit wakeup
Enter wakeup
Exit wakeup
Enter wakeup
Exit wakeup
Enter wakeup
Exit wakeup
Enter wakeup
Exit wakeup
Enter wakeup
Exit wakeup
Enter wakeup
Exit wakeup
Enter wakeup
Exit wakeup
Enter wakeup
Exit wakeup
Enter wakeup
Exit wakeup
Enter wakeup
Exit wakeup
Enter wakeup
Exit wakeup
Enter wakeup
Exit wakeup
Enter wakeup
Exit wakeup


test lock_basic FAILED (0 of 5)
 (basic test for lock correctness)
 Timelimit (15.0s) exceeded

starting lock_file

**********************************************************************

Test lock_file
test for lock correctness for writing in a file

**********************************************************************
Running xv6 user progam /u/c/s/cs537-1/tests/ec/ctests/lock_file.c
Trying to build project using make
make
Makefile:152: user/bank.d: No such file or directory
Makefile:152: user/usertests.d: No such file or directory
No rule to make target user/usertests.d
gcc  -I include -nostdinc -Wall -Werror -ggdb -fno-pic -fno-builtin -fno-strict-aliasing -fno-stack-protector -m32 \
	-M -MG user/tester.c -MF user/tester.d -MT user/tester.d -MT user/tester.o
No rule to make target user/bank.d
Makefile:152: user/bank.d: No such file or directory
Makefile:152: user/usertests.d: No such file or directory
No rule to make target user/usertests.d
No rule to make target user/bank.d
No rule to make target fs/bank
gcc  -I include -nostdinc -Wall -Werror -ggdb -fno-pic -fno-builtin -fno-strict-aliasing -fno-stack-protector -m32 -c -o user/tester.o user/tester.c
ld  -m    elf_i386 -nostdlib --omagic --entry=main --section-start=.text=0x0 --output=user/bin/tester user/tester.o user/ulib.o user/usys.o user/printf.o user/umalloc.o
cp user/bin/tester fs/tester
No rule to make target fs/usertests
./tools/mkfs fs.img fs
used 29 (bit 1 ninode 26) free 29 total 1024
sh
kill
ln
README
wc
forktest
echo
ls
rm
mkdir
init
cat
tester
stressfs
sem_test
zombie
grep
balloc: first 398 blocks have been allocated
balloc: write bitmap block at sector 28
rm user/bin/tester
make qemu-nox 
Makefile:152: user/bank.d: No such file or directory
Makefile:152: user/usertests.d: No such file or directory
No rule to make target user/usertests.d
No rule to make target user/bank.d
No rule to make target fs/bank
No rule to make target fs/usertests
./tools/mkfs fs.img fs
used 29 (bit 1 ninode 26) free 29 total 1024
sh
kill
ln
README
wc
forktest
echo
ls
rm
mkdir
init
cat
tester
stressfs
sem_test
zombie
grep
balloc: first 398 blocks have been allocated
balloc: write bitmap block at sector 28
Ctrl+a h for help
timeout --foreground --preserve-status 900 /p/course/cs537-remzi/ta/tools/qemu -nographic -hdb fs.img xv6.img -smp 2 
WARNING: Image format was not specified for 'fs.img' and probing guessed raw.
         Automatically detecting the format is dangerous for raw images, write operations on block 0 will be restricted.
         Specify the 'raw' format explicitly to remove the restrictions.
WARNING: Image format was not specified for 'xv6.img' and probing guessed raw.
         Automatically detecting the format is dangerous for raw images, write operations on block 0 will be restricted.
         Specify the 'raw' format explicitly to remove the restrictions.
xv6...
lapicinit: 1 0xfee00000
cpu1: starting
cpu0: starting
Enter wakeup
Exit wakeup
Enter wakeup
Exit wakeup
Enter wakeup
Exit wakeup
Enter wakeup
Exit wakeup
Enter wakeup
Exit wakeup
Enter wakeup
Exit wakeup
Enter wakeup
Exit wakeup
Enter wakeup
Wokeup thread 10cbb4
Exit wakeup
Enter wakeup
Exit wakeup
Enter wakeup
Exit wakeup
Enter wakeup
Exit wakeup
Enter wakeup
Exit wakeup
Enter wakeup
Exit wakeup
Enter wakeup
Wokeup thread 10cdcc
Exit wakeup
Enter wakeup
Exit wakeup
Enter wakeup
Exit wakeup
Enter wakeup
Exit wakeup
Enter wakeup
Exit wakeup
Enter wakeup
Exit wakeup
Enter wakeup
Exit wakeup
Enter wakeup
Exit wakeup
Enter wakeup
Exit wakeup
Enter wakeup
Exit wakeup
Enter wakeup
Wokeup thread 10cfe4
Exit wakeup
Enter wakeup
Exit wakeup
Enter wakeup
Wokeup thread 10d1fc
Exit wakeup
Enter wakeup
Exit wakeup
Enter wakeup
Exit wakeup
Enter wakeup
Exit wakeup
Enter wakeup
Exit wakeup
Enter wakeup
Exit wakeup
Enter wakeup
Wokeup thread 10d414
Exit wakeup
Enter wakeup
Exit wakeup
Enter wakeup
Wokeup thread 10d62c
Exit wakeup
Enter wakeup
Exit wakeup
Enter wakeup
Exit wakeup
Enter wakeup
Exit wakeup
Enter wakeup
Exit wakeup
Enter wakeup
Wokeup thread 10d844
Exit wakeup
Enter wakeup
Exit wakeup
Enter wakeup
Wokeup thread 10da5c
Exit wakeup
Enter wakeup
Exit wakeup
Enter wakeup
Wokeup thread 10dc74
Exit wakeup
Enter wakeup
Exit wakeup
Enter wakeup
Exit wakeup
Enter wakeup
Exit wakeup
Enter wakeup
Exit wakeup
Enter wakeup
Wokeup thread 10de8c
Exit wakeup
Enter wakeup
Exit wakeup
Enter wakeup
Exit wakeup
Enter wakeup
Exit wakeup
Enter wakeup
Exit wakeup
Enter wakeup
Exit wakeup
Enter wakeup
Exit wakeup
Enter wakeup
Exit wakeup
Enter wakeup
Wokeup thread 10cbb4
Exit wakeup
Enter wakeup
Exit wakeup
Enter wakeup
Wokeup thread 10cfe4
Exit wakeup
Enter wakeup
Exit wakeup
Enter wakeup
Exit wakeup
Enter wakeup
Exit wakeup
Enter wakeup
Exit wakeup
Enter wakeup
Exit wakeup
Enter wakeup
Exit wakeup
Enter wakeup
Exit wakeup
Enter wakeup
Wokeup thread 10d414
Exit wakeup
Enter wakeup
Exit wakeup
Enter wakeup
Exit wakeup
Enter wakeup
Exit wakeup
Enter wakeup
Exit wakeup
Enter wakeup
Exit wakeup
Enter wakeup
Exit wakeup
Enter wakeup
Exit wakeup
Enter wakeup
Exit wakeup
Enter wakeup
Wokeup thread 10d62c
Exit wakeup
Enter wakeup
Exit wakeup
Enter wakeup
Exit wakeup
Enter wakeup
Exit wakeup
Enter wakeup
Wokeup thread 10d62c
Exit wakeup
Enter wakeup
Exit wakeup
Enter wakeup
Exit wakeup
Enter wakeup
Exit wakeup
Enter wakeup
Exit wakeup
Enter wakeup
Exit wakeup
Enter wakeup
Exit wakeup
Enter wakeup
Exit wakeup
Enter wakeup
Exit wakeup
Enter wakeup
Wokeup thread 10d62c
Exit wakeup
Enter wakeup
Exit wakeup
Enter wakeup
Exit wakeup
Enter wakeup
Exit wakeup
Enter wakeup
Exit wakeup
Enter wakeup
Exit wakeup
Enter wakeup
Exit wakeup
Enter wakeup
Exit wakeup
Enter wakeup
Exit wakeup
Enter wakeup
Exit wakeup
Enter wakeup
Exit wakeup
Enter wakeup
Exit wakeup
Enter wakeup
Exit wakeup
Enter wakeup
Exit wakeup
Enter wakeup
Exit wakeup
Enter wakeup
Exit wakeup
Enter wakeup
Exit wakeup
Enter wakeup
Exit wakeup
Enter wakeup
Exit wakeup
Enter wakeup
Exit wakeup
Enter wakeup
Exit wakeup
Enter wakeup
Exit wakeup
Enter wakeup
Exit wakeup
Enter wakeup
Wokeup thread 10cdcc
Exit wakeup
Enter wakeup
Exit wakeup
Enter wakeup
Exit wakeup
Enter wakeup
Exit wakeup
Enter wakeup
Exit wakeup
Enter wakeup
Exit wakeup
Enter wakeup
Exit wakeup
Enter wakeup
Exit wakeup
Enter wakeup
Exit wakeup
iEnter wakeup
Exit wakeup
Enter wakeup
Exit wakeup
nEnter wakeup
Exit wakeup
Enter wakeup
Exit wakeup
iEnter wakeup
Exit wakeup
Enter wakeup
Exit wakeup
tEnter wakeup
Exit wakeup
Enter wakeup
Exit wakeup
:Enter wakeup
Exit wakeup
Enter wakeup
Exit wakeup
 Enter wakeup
Exit wakeup
Enter wakeup
Exit wakeup
sEnter wakeup
Exit wakeup
Enter wakeup
Exit wakeup
tEnter wakeup
Exit wakeup
Enter wakeup
Exit wakeup
aEnter wakeup
Exit wakeup
Enter wakeup
Exit wakeup
rEnter wakeup
Exit wakeup
Enter wakeup
Exit wakeup
tEnter wakeup
Exit wakeup
Enter wakeup
Exit wakeup
iEnter wakeup
Exit wakeup
Enter wakeup
Exit wakeup
nEnter wakeup
Exit wakeup
Enter wakeup
Exit wakeup
gEnter wakeup
Exit wakeup
Enter wakeup
Exit wakeup
 Enter wakeup
Exit wakeup
Enter wakeup
Exit wakeup
sEnter wakeup
Exit wakeup
Enter wakeup
Exit wakeup
hEnter wakeup
Exit wakeup
Enter wakeup
Exit wakeup

Enter wakeup
Exit wakeup
Enter wakeup
Exit wakeup
Enter wakeup
Exit wakeup
Enter wakeup
Exit wakeup
Enter wakeup
Wokeup thread 10d844
Exit wakeup
Enter wakeup
Exit wakeup
Enter wakeup
Exit wakeup
Enter wakeup
Exit wakeup
Enter wakeup
Wokeup thread 10da5c
Exit wakeup
Enter wakeup
Exit wakeup
Enter wakeup
Wokeup thread 10dc74
Exit wakeup
Enter wakeup
Exit wakeup
Enter wakeup
Exit wakeup
Enter wakeup
Exit wakeup
Enter wakeup
Wokeup thread 10de8c
Exit wakeup
Enter wakeup
Exit wakeup
Enter wakeup
Exit wakeup
Enter wakeup
Exit wakeup
Enter wakeup
Wokeup thread 10d1fc
Exit wakeup
Enter wakeup
Exit wakeup
Enter wakeup
Exit wakeup
Enter wakeup
Exit wakeup
Enter wakeup
Wokeup thread 10cbb4
Exit wakeup
Enter wakeup
Exit wakeup
Enter wakeup
Exit wakeup
Enter wakeup
Exit wakeup
Enter wakeup
Wokeup thread 10d414
Exit wakeup
Enter wakeup
Exit wakeup
Enter wakeup
Wokeup thread 10d62c
Exit wakeup
Enter wakeup
Exit wakeup
Enter wakeup
Wokeup thread 10cdcc
Exit wakeup
Enter wakeup
Exit wakeup
Enter wakeup
Exit wakeup
Enter wakeup
Wokeup thread 10cfe4
Exit wakeup
Enter wakeup
Exit wakeup
Enter wakeup
Wokeup thread 10d844
Exit wakeup
Enter wakeup
Exit wakeup
Enter wakeup
Wokeup thread 10da5c
Exit wakeup
Enter wakeup
Exit wakeup
Enter wakeup
Exit wakeup
Enter wakeup
Exit wakeup
Enter wakeup
Exit wakeup
Enter wakeup
Exit wakeup
Enter wakeup
Exit wakeup
Enter wakeup
Exit wakeup
Enter wakeup
Exit wakeup
Enter wakeup
Exit wakeup
Enter wakeup
Exit wakeup
Enter wakeup
Exit wakeup
Enter wakeup
Exit wakeup
Enter wakeup
Wokeup thread 10dc74
Exit wakeup
Enter wakeup
Exit wakeup
Enter wakeup
Wokeup thread 10de8c
Exit wakeup
Enter wakeup
Exit wakeup
Enter wakeup
Exit wakeup
Enter wakeup
Wokeup thread 10d1fc
Exit wakeup
Enter wakeup
Exit wakeup
Enter wakeup
Wokeup thread 10cbb4
Exit wakeup
Enter wakeup
Exit wakeup
Enter wakeup
Exit wakeup
Enter wakeup
Wokeup thread 10d414
Exit wakeup
Enter wakeup
Exit wakeup
Enter wakeup
Exit wakeup
Enter wakeup
Exit wakeup
Enter wakeup
Exit wakeup
$Enter wakeup
Exit wakeup
Enter wakeup
Exit wakeup
 Enter wakeup
Exit wakeup
Enter wakeup
Exit wakeup
Enter wakeup
Exit wakeup
Enter wakeup
Exit wakeup
Enter wakeup
Exit wakeup
Enter wakeup
Exit wakeup
Enter wakeup
Exit wakeup
Enter wakeup
Exit wakeup
Enter wakeup
Exit wakeup
Enter wakeup
Exit wakeup
Enter wakeup
Exit wakeup
Enter wakeup
Exit wakeup
Enter wakeup
Exit wakeup
Enter wakeup
Exit wakeup
Enter wakeup
Exit wakeup
Enter wakeup
Exit wakeup
Enter wakeup
Exit wakeup
Enter wakeup
Exit wakeup
Enter wakeup
Exit wakeup
Enter wakeup
Exit wakeup
Enter wakeup
Exit wakeup
Enter wakeup
Exit wakeup
Enter wakeup
Exit wakeup
Enter wakeup
Exit wakeup
Enter wakeup
Exit wakeup
Enter wakeup
Exit wakeup
Enter wakeup
Exit wakeup
Enter wakeup
Exit wakeup
Enter wakeup
Exit wakeup
Enter wakeup
Exit wakeup
Enter wakeup
Exit wakeup
Enter wakeup
Exit wakeup
Enter wakeup
Exit wakeup
Enter wakeup
Exit wakeup
Enter wakeup
Exit wakeup
Enter wakeup
Exit wakeup
Enter wakeup
Exit wakeup
Enter wakeup
Exit wakeup
Enter wakeup
Exit wakeup
Enter wakeup
Exit wakeup
Enter wakeup
Exit wakeup
Enter wakeup
Exit wakeup
Enter wakeup
Exit wakeup
Enter wakeup
Exit wakeup
Enter wakeup
Exit wakeup
Enter wakeup
Exit wakeup
Enter wakeup
Exit wakeup
Enter wakeup
Exit wakeup
Enter wakeup
Exit wakeup
Enter wakeup
Exit wakeup
Enter wakeup
Exit wakeup
Enter wakeup
Exit wakeup
Enter wakeup
Exit wakeup
Enter wakeup
Exit wakeup
Enter wakeup
Exit wakeup
Enter wakeup
Exit wakeup
Enter wakeup
Exit wakeup
Enter wakeup
Exit wakeup
Enter wakeup
Exit wakeup
Enter wakeup
Exit wakeup
Enter wakeup
Exit wakeup
Enter wakeup
Exit wakeup
Enter wakeup
Exit wakeup
Enter wakeup
Exit wakeup
Enter wakeup
Exit wakeup
Enter wakeup
Exit wakeup
Enter wakeup
Exit wakeup
Enter wakeup
Exit wakeup
Enter wakeup
Exit wakeup
Enter wakeup
Exit wakeup
Enter wakeup
Exit wakeup
Enter wakeup
Exit wakeup
Enter wakeup
Exit wakeup
Enter wakeup
Exit wakeup
Enter wakeup
Exit wakeup
Enter wakeup
Exit wakeup
Enter wakeup
Exit wakeup
Enter wakeup
Exit wakeup
Enter wakeup
Exit wakeup
Enter wakeup
Exit wakeup
Enter wakeup
Exit wakeup
Enter wakeup
Exit wakeup
Enter wakeup
Exit wakeup
Enter wakeup
Exit wakeup
Enter wakeup
Exit wakeup
Enter wakeup
Exit wakeup
Enter wakeup
Exit wakeup
Enter wakeup
Exit wakeup
Enter wakeup
Exit wakeup
Enter wakeup
Exit wakeup
Enter wakeup
Exit wakeup
Enter wakeup
Exit wakeup
Enter wakeup
Exit wakeup
Enter wakeup
Exit wakeup
Enter wakeup
Exit wakeup
Enter wakeup
Exit wakeup
Enter wakeup
Exit wakeup
Enter wakeup
Exit wakeup
Enter wakeup
Exit wakeup
Enter wakeup
Exit wakeup
Enter wakeup
Exit wakeup
Enter wakeup
Exit wakeup
Enter wakeup
Exit wakeup
Enter wakeup
Exit wakeup
Enter wakeup
Exit wakeup
Enter wakeup
Exit wakeup
Enter wakeup
Exit wakeup
Enter wakeup
Exit wakeup
Enter wakeup
Exit wakeup
Enter wakeup
Exit wakeup
Enter wakeup
Exit wakeup
Enter wakeup
Exit wakeup
Enter wakeup
Exit wakeup
Enter wakeup
Exit wakeup
Enter wakeup
Exit wakeup
Enter wakeup
Exit wakeup
Enter wakeup
Exit wakeup
Enter wakeup
Exit wakeup
Enter wakeup
Exit wakeup
Enter wakeup
Exit wakeup
Enter wakeup
Exit wakeup
Enter wakeup
Exit wakeup
Enter wakeup
Exit wakeup
Enter wakeup
Exit wakeup
Enter wakeup
Exit wakeup
Enter wakeup
Exit wakeup
Enter wakeup
Exit wakeup
Enter wakeup
Exit wakeup
Enter wakeup
Exit wakeup
Enter wakeup
Exit wakeup
Enter wakeup
Exit wakeup
Enter wakeup
Exit wakeup
Enter wakeup
Exit wakeup
Enter wakeup
Exit wakeup
Enter wakeup
Exit wakeup
Enter wakeup
Exit wakeup
Enter wakeup
Exit wakeup
Enter wakeup
Exit wakeup
Enter wakeup
Exit wakeup
Enter wakeup
Exit wakeup
Enter wakeup
Exit wakeup
Enter wakeup
Exit wakeup
Enter wakeup
Exit wakeup
Enter wakeup
Exit wakeup
Enter wakeup
Exit wakeup
Enter wakeup
Exit wakeup
Enter wakeup
Exit wakeup
Enter wakeup
Exit wakeup
Enter wakeup
Exit wakeup
Enter wakeup
Exit wakeup
Enter wakeup
Exit wakeup
Enter wakeup
Exit wakeup
Enter wakeup
Exit wakeup
Enter wakeup
Exit wakeup
Enter wakeup
Exit wakeup
Enter wakeup
Exit wakeup
Enter wakeup
Exit wakeup
Enter wakeup
Exit wakeup
Enter wakeup
Exit wakeup
Enter wakeup
Exit wakeup
Enter wakeup
Exit wakeup
Enter wakeup
Exit wakeup
Enter wakeup
Exit wakeup
Enter wakeup
Exit wakeup
Enter wakeup
Exit wakeup
Enter wakeup
Exit wakeup
Enter wakeup
Exit wakeup
Enter wakeup
Exit wakeup
Enter wakeup
Exit wakeup
Enter wakeup
Exit wakeup
Enter wakeup
Exit wakeup
Enter wakeup
Exit wakeup
Enter wakeup
Exit wakeup
Enter wakeup
Exit wakeup
Enter wakeup
Exit wakeup
Enter wakeup
Exit wakeup
Enter wakeup
Exit wakeup
Enter wakeup
Exit wakeup
Enter wakeup
Exit wakeup
Enter wakeup
Exit wakeup
Enter wakeup
Exit wakeup
Enter wakeup
Exit wakeup
Enter wakeup
Exit wakeup
Enter wakeup
Exit wakeup
Enter wakeup
Exit wakeup
Enter wakeup
Exit wakeup
Enter wakeup
Exit wakeup
Enter wakeup
Exit wakeup
Enter wakeup
Exit wakeup
Enter wakeup
Exit wakeup
Enter wakeup
Exit wakeup
Enter wakeup
Exit wakeup
Enter wakeup
Exit wakeup
Enter wakeup
Exit wakeup
Enter wakeup
Exit wakeup
Enter wakeup
Exit wakeup
Enter wakeup
Exit wakeup
Enter wakeup
Exit wakeup
Enter wakeup
Exit wakeup
Enter wakeup
Exit wakeup
Enter wakeup
Exit wakeup
Enter wakeup
Exit wakeup
Enter wakeup
Exit wakeup
Enter wakeup
Exit wakeup
Enter wakeup
Exit wakeup
Enter wakeup
Exit wakeup
Enter wakeup
Exit wakeup
Enter wakeup
Exit wakeup
Enter wakeup
Exit wakeup
Enter wakeup
Exit wakeup
Enter wakeup
Exit wakeup
Enter wakeup
Exit wakeup
Enter wakeup
Exit wakeup
Enter wakeup
Exit wakeup
Enter wakeup
Exit wakeup
Enter wakeup
Exit wakeup
Enter wakeup
Exit wakeup
Enter wakeup
Exit wakeup
Enter wakeup
Exit wakeup
Enter wakeup
Exit wakeup
Enter wakeup
Exit wakeup
Enter wakeup
Exit wakeup
Enter wakeup
Exit wakeup
Enter wakeup
Exit wakeup
Enter wakeup
Exit wakeup
Enter wakeup
Exit wakeup
Enter wakeup
Exit wakeup
Enter wakeup
Exit wakeup
Enter wakeup
Exit wakeup
Enter wakeup
Exit wakeup
Enter wakeup
Exit wakeup
Enter wakeup
Exit wakeup
Enter wakeup
Exit wakeup
Enter wakeup
Exit wakeup
Enter wakeup
Exit wakeup
Enter wakeup
Exit wakeup
Enter wakeup
Exit wakeup
Enter wakeup
Exit wakeup
Enter wakeup
Exit wakeup
Enter wakeup
Exit wakeup
Enter wakeup
Exit wakeup
Enter wakeup
Exit wakeup
Enter wakeup
Exit wakeup
Enter wakeup
Exit wakeup
Enter wakeup
Exit wakeup
Enter wakeup
Exit wakeup
Enter wakeup
Exit wakeup
Enter wakeup
Exit wakeup
Enter wakeup
Exit wakeup
Enter wakeup
Exit wakeup
Enter wakeup
Exit wakeup
Enter wakeup
Exit wakeup
Enter wakeup
Exit wakeup
Enter wakeup
Exit wakeup
Enter wakeup
Exit wakeup
Enter wakeup
Exit wakeup
Enter wakeup
Exit wakeup
Enter wakeup
Exit wakeup
Enter wakeup
Exit wakeup
Enter wakeup
Exit wakeup
Enter wakeup
Exit wakeup
Enter wakeup
Exit wakeup
Enter wakeup
Exit wakeup
Enter wakeup
Exit wakeup
Enter wakeup
Exit wakeup
Enter wakeup
Exit wakeup
Enter wakeup
Exit wakeup
Enter wakeup
Exit wakeup
Enter wakeup
Exit wakeup
Enter wakeup
Exit wakeup
Enter wakeup
Exit wakeup
Enter wakeup
Exit wakeup
Enter wakeup
Exit wakeup
Enter wakeup
Exit wakeup
Enter wakeup
Exit wakeup
Enter wakeup
Exit wakeup
Enter wakeup
Exit wakeup
Enter wakeup
Exit wakeup
Enter wakeup
Exit wakeup
Enter wakeup
Exit wakeup
Enter wakeup
Exit wakeup
Enter wakeup
Exit wakeup
Enter wakeup
Exit wakeup
Enter wakeup
Exit wakeup
Enter wakeup
Exit wakeup
Enter wakeup
Exit wakeup
Enter wakeup
Exit wakeup
Enter wakeup
Exit wakeup
Enter wakeup
Exit wakeup
Enter wakeup
Exit wakeup
Enter wakeup
Exit wakeup
Enter wakeup
Exit wakeup
Enter wakeup
Exit wakeup
Enter wakeup
Exit wakeup
Enter wakeup
Exit wakeup
Enter wakeup
Exit wakeup
Enter wakeup
Exit wakeup
Enter wakeup
Exit wakeup
Enter wakeup
Exit wakeup
Enter wakeup
Exit wakeup
Enter wakeup
Exit wakeup
Enter wakeup
Exit wakeup
Enter wakeup
Exit wakeup
Enter wakeup
Exit wakeup
Enter wakeup
Exit wakeup
Enter wakeup
Exit wakeup
Enter wakeup
Exit wakeup
Enter wakeup
Exit wakeup
Enter wakeup
Exit wakeup
Enter wakeup
Exit wakeup
Enter wakeup
Exit wakeup
Enter wakeup
Exit wakeup
Enter wakeup
Exit wakeup
Enter wakeup
Exit wakeup
Enter wakeup
Exit wakeup
Enter wakeup
Exit wakeup
Enter wakeup
Exit wakeup
Enter wakeup
Exit wakeup
Enter wakeup
Exit wakeup
Enter wakeup
Exit wakeup
Enter wakeup
Exit wakeup
Enter wakeup
Exit wakeup
Enter wakeup
Exit wakeup
Enter wakeup
Exit wakeup
Enter wakeup
Exit wakeup
Enter wakeup
Exit wakeup
Enter wakeup
Exit wakeup
Enter wakeup
Exit wakeup
Enter wakeup
Exit wakeup
Enter wakeup
Exit wakeup
Enter wakeup
Exit wakeup
Enter wakeup
Exit wakeup
Enter wakeup
Exit wakeup
Enter wakeup
Exit wakeup
Enter wakeup
Exit wakeup
Enter wakeup
Exit wakeup
Enter wakeup
Exit wakeup
Enter wakeup
Exit wakeup
Enter wakeup
Exit wakeup
Enter wakeup
Exit wakeup
Enter wakeup
Exit wakeup
Enter wakeup
Exit wakeup
Enter wakeup
Exit wakeup
Enter wakeup
Exit wakeup
Enter wakeup
Exit wakeup
Enter wakeup
Exit wakeup
Enter wakeup
Exit wakeup
Enter wakeup
Exit wakeup
Enter wakeup
Exit wakeup
Enter wakeup
Exit wakeup
Enter wakeup
Exit wakeup
Enter wakeup
Exit wakeup
Enter wakeup
Exit wakeup
Enter wakeup
Exit wakeup
Enter wakeup
Exit wakeup
Enter wakeup
Exit wakeup
Enter wakeup
Exit wakeup
Enter wakeup
Exit wakeup
Enter wakeup
Exit wakeup
Enter wakeup
Exit wakeup
Enter wakeup
Exit wakeup
Enter wakeup
Exit wakeup
Enter wakeup
Exit wakeup
Enter wakeup
Exit wakeup
Enter wakeup
Exit wakeup
Enter wakeup
Exit wakeup
Enter wakeup
Exit wakeup
Enter wakeup
Exit wakeup
Enter wakeup
Exit wakeup
Enter wakeup
Exit wakeup
Enter wakeup
Exit wakeup
Enter wakeup
Exit wakeup
Enter wakeup
Exit wakeup
Enter wakeup
Exit wakeup
Enter wakeup
Exit wakeup
Enter wakeup
Exit wakeup
Enter wakeup
Exit wakeup
Enter wakeup
Exit wakeup
Enter wakeup
Exit wakeup
Enter wakeup
Exit wakeup
Enter wakeup
Exit wakeup
Enter wakeup
Exit wakeup
Enter wakeup
Exit wakeup
Enter wakeup
Exit wakeup
Enter wakeup
Exit wakeup
Enter wakeup
Exit wakeup
Enter wakeup
Exit wakeup
Enter wakeup
Exit wakeup
Enter wakeup
Exit wakeup
Enter wakeup
Exit wakeup
Enter wakeup
Exit wakeup
Enter wakeup
Exit wakeup
Enter wakeup
Exit wakeup
Enter wakeup
Exit wakeup
Enter wakeup
Exit wakeup
Enter wakeup
Exit wakeup
Enter wakeup
Exit wakeup
Enter wakeup
Exit wakeup
Enter wakeup
Exit wakeup
Enter wakeup
Exit wakeup
Enter wakeup
Exit wakeup
Enter wakeup
Exit wakeup
Enter wakeup
Exit wakeup
Enter wakeup
Exit wakeup
Enter wakeup
Exit wakeup
Enter wakeup
Exit wakeup
Enter wakeup
Exit wakeup
Enter wakeup
Exit wakeup
Enter wakeup
Exit wakeup
Enter wakeup
Exit wakeup
Enter wakeup
Exit wakeup
Enter wakeup
Exit wakeup
Enter wakeup
Exit wakeup
Enter wakeup
Exit wakeup
Enter wakeup
Exit wakeup
Enter wakeup
Exit wakeup
Enter wakeup
Exit wakeup
Enter wakeup
Exit wakeup
Enter wakeup
Exit wakeup
Enter wakeup
Exit wakeup
Enter wakeup
Exit wakeup
Enter wakeup
Exit wakeup
Enter wakeup
Exit wakeup
Enter wakeup
Exit wakeup
Enter wakeup
Exit wakeup
Enter wakeup
Exit wakeup
Enter wakeup
Exit wakeup
Enter wakeup
Exit wakeup
Enter wakeup
Exit wakeup
Enter wakeup
Exit wakeup
Enter wakeup
Exit wakeup
Enter wakeup
Exit wakeup
Enter wakeup
Exit wakeup
Enter wakeup
Exit wakeup
Enter wakeup
Exit wakeup
Enter wakeup
Exit wakeup
Enter wakeup
Exit wakeup
Enter wakeup
Exit wakeup
Enter wakeup
Exit wakeup
Enter wakeup
Exit wakeup
Enter wakeup
Exit wakeup
Enter wakeup
Exit wakeup
Enter wakeup
Exit wakeup
Enter wakeup
Exit wakeup
Enter wakeup
Exit wakeup
Enter wakeup
Exit wakeup
Enter wakeup
Exit wakeup
Enter wakeup
Exit wakeup
Enter wakeup
Exit wakeup
Enter wakeup
Exit wakeup
Enter wakeup
Exit wakeup
Enter wakeup
Exit wakeup
Enter wakeup
Exit wakeup
Enter wakeup
Exit wakeup
Enter wakeup
Exit wakeup
Enter wakeup
Exit wakeup
Enter wakeup
Exit wakeup
Enter wakeup
Exit wakeup
Enter wakeup
Exit wakeup
Enter wakeup
Exit wakeup
Enter wakeup
Exit wakeup
Enter wakeup
Exit wakeup
Enter wakeup
Exit wakeup
Enter wakeup
Exit wakeup
Enter wakeup
Exit wakeup
Enter wakeup
Exit wakeup
Enter wakeup
Exit wakeup
Enter wakeup
Exit wakeup
Enter wakeup
Exit wakeup
Enter wakeup
Exit wakeup
Enter wakeup
Exit wakeup
Enter wakeup
Exit wakeup
Enter wakeup
Exit wakeup
Enter wakeup
Exit wakeup
Enter wakeup
Exit wakeup
Enter wakeup
Exit wakeup
Enter wakeup
Exit wakeup
Enter wakeup
Exit wakeup
Enter wakeup
Exit wakeup
Enter wakeup
Exit wakeup
Enter wakeup
Exit wakeup
Enter wakeup
Exit wakeup
Enter wakeup
Exit wakeup
Enter wakeup
Exit wakeup
Enter wakeup
Exit wakeup
Enter wakeup
Exit wakeup
Enter wakeup
Exit wakeup
Enter wakeup
Exit wakeup
Enter wakeup
Exit wakeup
Enter wakeup
Exit wakeup
Enter wakeup
Exit wakeup
Enter wakeup
Exit wakeup
Enter wakeup
Exit wakeup
Enter wakeup
Exit wakeup
Enter wakeup
Exit wakeup
Enter wakeup
Exit wakeup
Enter wakeup
Exit wakeup
Enter wakeup
Exit wakeup
Enter wakeup
Exit wakeup
Enter wakeup
Exit wakeup
Enter wakeup
Exit wakeup
Enter wakeup
Exit wakeup
Enter wakeup
Exit wakeup
Enter wakeup
Exit wakeup
Enter wakeup
Exit wakeup
Enter wakeup
Exit wakeup
Enter wakeup
Exit wakeup


test lock_file FAILED (0 of 5)
 (test for lock correctness for writing in a file)
 Timelimit (15.0s) exceeded

starting lock_multiple_semaphores

**********************************************************************

Test lock_multiple_semaphores
test for multiple semaphores correctness

**********************************************************************
Running xv6 user progam /u/c/s/cs537-1/tests/ec/ctests/lock_multiple_semaphores.c
Trying to build project using make
make
Makefile:152: user/bank.d: No such file or directory
Makefile:152: user/usertests.d: No such file or directory
No rule to make target user/usertests.d
gcc  -I include -nostdinc -Wall -Werror -ggdb -fno-pic -fno-builtin -fno-strict-aliasing -fno-stack-protector -m32 \
	-M -MG user/tester.c -MF user/tester.d -MT user/tester.d -MT user/tester.o
No rule to make target user/bank.d
Makefile:152: user/bank.d: No such file or directory
Makefile:152: user/usertests.d: No such file or directory
No rule to make target user/usertests.d
No rule to make target user/bank.d
No rule to make target fs/bank
gcc  -I include -nostdinc -Wall -Werror -ggdb -fno-pic -fno-builtin -fno-strict-aliasing -fno-stack-protector -m32 -c -o user/tester.o user/tester.c
ld  -m    elf_i386 -nostdlib --omagic --entry=main --section-start=.text=0x0 --output=user/bin/tester user/tester.o user/ulib.o user/usys.o user/printf.o user/umalloc.o
cp user/bin/tester fs/tester
No rule to make target fs/usertests
./tools/mkfs fs.img fs
used 29 (bit 1 ninode 26) free 29 total 1024
sh
kill
ln
README
wc
forktest
echo
ls
rm
mkdir
init
cat
tester
stressfs
sem_test
zombie
grep
balloc: first 400 blocks have been allocated
balloc: write bitmap block at sector 28
rm user/bin/tester
make qemu-nox 
Makefile:152: user/bank.d: No such file or directory
Makefile:152: user/usertests.d: No such file or directory
No rule to make target user/usertests.d
No rule to make target user/bank.d
No rule to make target fs/bank
No rule to make target fs/usertests
./tools/mkfs fs.img fs
used 29 (bit 1 ninode 26) free 29 total 1024
sh
kill
ln
README
wc
forktest
echo
ls
rm
mkdir
init
cat
tester
stressfs
sem_test
zombie
grep
balloc: first 400 blocks have been allocated
balloc: write bitmap block at sector 28
Ctrl+a h for help
timeout --foreground --preserve-status 900 /p/course/cs537-remzi/ta/tools/qemu -nographic -hdb fs.img xv6.img -smp 2 
WARNING: Image format was not specified for 'fs.img' and probing guessed raw.
         Automatically detecting the format is dangerous for raw images, write operations on block 0 will be restricted.
         Specify the 'raw' format explicitly to remove the restrictions.
WARNING: Image format was not specified for 'xv6.img' and probing guessed raw.
         Automatically detecting the format is dangerous for raw images, write operations on block 0 will be restricted.
         Specify the 'raw' format explicitly to remove the restrictions.
xv6...
lapicinit: 1 0xfee00000
cpu1: starting
cpu0: starting
Enter wakeup
Exit wakeup
Enter wakeup
Exit wakeup
Enter wakeup
Exit wakeup
Enter wakeup
Exit wakeup
Enter wakeup
Exit wakeup
Enter wakeup
Exit wakeup
Enter wakeup
Exit wakeup
Enter wakeup
Exit wakeup
Enter wakeup
Exit wakeup
Enter wakeup
Wokeup thread 10cbb4
Exit wakeup
Enter wakeup
Exit wakeup
Enter wakeup
Exit wakeup
Enter wakeup
Exit wakeup
Enter wakeup
Exit wakeup
Enter wakeup
Exit wakeup
Enter wakeup
Exit wakeup
Enter wakeup
Exit wakeup
Enter wakeup
Exit wakeup
Enter wakeup
Exit wakeup
Enter wakeup
Wokeup thread 10cdcc
Exit wakeup
Enter wakeup
Exit wakeup
Enter wakeup
Exit wakeup
Enter wakeup
Exit wakeup
Enter wakeup
Exit wakeup
Enter wakeup
Exit wakeup
Enter wakeup
Exit wakeup
Enter wakeup
Exit wakeup
Enter wakeup
Exit wakeup
Enter wakeup
Exit wakeup
Enter wakeup
Wokeup thread 10cfe4
Exit wakeup
Enter wakeup
Exit wakeup
Enter wakeup
Wokeup thread 10d1fc
Exit wakeup
Enter wakeup
Exit wakeup
Enter wakeup
Exit wakeup
Enter wakeup
Exit wakeup
Enter wakeup
Exit wakeup
Enter wakeup
Exit wakeup
Enter wakeup
Exit wakeup
Enter wakeup
Exit wakeup
Enter wakeup
Exit wakeup
Enter wakeup
Exit wakeup
Enter wakeup
Exit wakeup
Enter wakeup
Exit wakeup
Enter wakeup
Exit wakeup
Enter wakeup
Exit wakeup
Enter wakeup
Exit wakeup
Enter wakeup
Exit wakeup
Enter wakeup
Exit wakeup
Enter wakeup
Exit wakeup
Enter wakeup
Exit wakeup
Enter wakeup
Exit wakeup
Enter wakeup
Exit wakeup
Enter wakeup
Exit wakeup
Enter wakeup
Exit wakeup
Enter wakeup
Exit wakeup
Enter wakeup
Exit wakeup
Enter wakeup
Exit wakeup
Enter wakeup
Exit wakeup
Enter wakeup
Exit wakeup
Enter wakeup
Wokeup thread 10d414
Exit wakeup
Enter wakeup
Exit wakeup
Enter wakeup
Exit wakeup
Enter wakeup
Exit wakeup
Enter wakeup
Wokeup thread 10d62c
Exit wakeup
Enter wakeup
Exit wakeup
Enter wakeup
Wokeup thread 10d844
Exit wakeup
Enter wakeup
Exit wakeup
Enter wakeup
Wokeup thread 10da5c
Exit wakeup
Enter wakeup
Exit wakeup
Enter wakeup
Wokeup thread 10dc74
Exit wakeup
Enter wakeup
Exit wakeup
Enter wakeup
Wokeup thread 10de8c
Exit wakeup
Enter wakeup
Exit wakeup
Enter wakeup
Exit wakeup
Enter wakeup
Exit wakeup
Enter wakeup
Exit wakeup
Enter wakeup
Exit wakeup
Enter wakeup
Exit wakeup
Enter wakeup
Exit wakeup
Enter wakeup
Wokeup thread 10cbb4
Exit wakeup
Enter wakeup
Exit wakeup
Enter wakeup
Wokeup thread 10cfe4
Exit wakeup
Enter wakeup
Exit wakeup
Enter wakeup
Exit wakeup
Enter wakeup
Exit wakeup
Enter wakeup
Exit wakeup
Enter wakeup
Exit wakeup
Enter wakeup
Exit wakeup
Enter wakeup
Exit wakeup
Enter wakeup
Wokeup thread 10d414
Exit wakeup
Enter wakeup
Exit wakeup
Enter wakeup
Exit wakeup
Enter wakeup
Exit wakeup
Enter wakeup
Exit wakeup
Enter wakeup
Exit wakeup
Enter wakeup
Exit wakeup
Enter wakeup
Exit wakeup
Enter wakeup
Exit wakeup
Enter wakeup
Wokeup thread 10d62c
Exit wakeup
Enter wakeup
Exit wakeup
Enter wakeup
Exit wakeup
Enter wakeup
Exit wakeup
Enter wakeup
Exit wakeup
Enter wakeup
Exit wakeup
Enter wakeup
Wokeup thread 10d62c
Exit wakeup
Enter wakeup
Exit wakeup
Enter wakeup
Exit wakeup
Enter wakeup
Exit wakeup
Enter wakeup
Exit wakeup
Enter wakeup
Exit wakeup
Enter wakeup
Exit wakeup
Enter wakeup
Wokeup thread 10d62c
Exit wakeup
Enter wakeup
Exit wakeup
Enter wakeup
Exit wakeup
Enter wakeup
Exit wakeup
Enter wakeup
Exit wakeup
Enter wakeup
Exit wakeup
Enter wakeup
Exit wakeup
Enter wakeup
Exit wakeup
Enter wakeup
Exit wakeup
Enter wakeup
Exit wakeup
Enter wakeup
Exit wakeup
Enter wakeup
Exit wakeup
Enter wakeup
Exit wakeup
Enter wakeup
Exit wakeup
Enter wakeup
Exit wakeup
Enter wakeup
Exit wakeup
Enter wakeup
Exit wakeup
Enter wakeup
Exit wakeup
Enter wakeup
Exit wakeup
Enter wakeup
Exit wakeup
Enter wakeup
Exit wakeup
Enter wakeup
Exit wakeup
Enter wakeup
Exit wakeup
Enter wakeup
Exit wakeup
Enter wakeup
Exit wakeup
Enter wakeup
Wokeup thread 10cdcc
Exit wakeup
Enter wakeup
Exit wakeup
Enter wakeup
Exit wakeup
Enter wakeup
Exit wakeup
Enter wakeup
Exit wakeup
Enter wakeup
Exit wakeup
Enter wakeup
Exit wakeup
Enter wakeup
Exit wakeup
Enter wakeup
Exit wakeup
iEnter wakeup
Exit wakeup
Enter wakeup
Exit wakeup
nEnter wakeup
Exit wakeup
Enter wakeup
Exit wakeup
iEnter wakeup
Exit wakeup
Enter wakeup
Exit wakeup
tEnter wakeup
Exit wakeup
Enter wakeup
Exit wakeup
:Enter wakeup
Exit wakeup
Enter wakeup
Exit wakeup
 Enter wakeup
Exit wakeup
Enter wakeup
Exit wakeup
sEnter wakeup
Exit wakeup
Enter wakeup
Exit wakeup
tEnter wakeup
Exit wakeup
Enter wakeup
Exit wakeup
aEnter wakeup
Exit wakeup
Enter wakeup
Exit wakeup
rEnter wakeup
Exit wakeup
Enter wakeup
Exit wakeup
tEnter wakeup
Exit wakeup
Enter wakeup
Exit wakeup
iEnter wakeup
Exit wakeup
Enter wakeup
Exit wakeup
nEnter wakeup
Exit wakeup
Enter wakeup
Exit wakeup
gEnter wakeup
Exit wakeup
Enter wakeup
Exit wakeup
 Enter wakeup
Exit wakeup
Enter wakeup
Exit wakeup
sEnter wakeup
Exit wakeup
Enter wakeup
Exit wakeup
hEnter wakeup
Exit wakeup
Enter wakeup
Exit wakeup

Enter wakeup
Exit wakeup
Enter wakeup
Exit wakeup
Enter wakeup
Exit wakeup
Enter wakeup
Exit wakeup
Enter wakeup
Exit wakeup
Enter wakeup
Exit wakeup
Enter wakeup
Exit wakeup
Enter wakeup
Exit wakeup
Enter wakeup
Wokeup thread 10d844
Exit wakeup
Enter wakeup
Exit wakeup
Enter wakeup
Exit wakeup
Enter wakeup
Exit wakeup
Enter wakeup
Wokeup thread 10da5c
Exit wakeup
Enter wakeup
Exit wakeup
Enter wakeup
Wokeup thread 10dc74
Exit wakeup
Enter wakeup
Exit wakeup
Enter wakeup
Exit wakeup
Enter wakeup
Exit wakeup
Enter wakeup
Exit wakeup
Enter wakeup
Wokeup thread 10de8c
Exit wakeup
Enter wakeup
Exit wakeup
Enter wakeup
Wokeup thread 10d1fc
Exit wakeup
Enter wakeup
Exit wakeup
Enter wakeup
Exit wakeup
Enter wakeup
Exit wakeup
Enter wakeup
Exit wakeup
Enter wakeup
Exit wakeup
Enter wakeup
Exit wakeup
Enter wakeup
Exit wakeup
Enter wakeup
Exit wakeup
Enter wakeup
Wokeup thread 10cbb4
Exit wakeup
Enter wakeup
Exit wakeup
Enter wakeup
Wokeup thread 10d414
Exit wakeup
Enter wakeup
Exit wakeup
Enter wakeup
Wokeup thread 10d62c
Exit wakeup
Enter wakeup
Exit wakeup
Enter wakeup
Wokeup thread 10cdcc
Exit wakeup
Enter wakeup
Exit wakeup
Enter wakeup
Exit wakeup
Enter wakeup
Exit wakeup
Enter wakeup
Exit wakeup
Enter wakeup
Wokeup thread 10cfe4
Exit wakeup
Enter wakeup
Exit wakeup
Enter wakeup
Exit wakeup
Enter wakeup
Exit wakeup
Enter wakeup
Exit wakeup
Enter wakeup
Exit wakeup
Enter wakeup
Exit wakeup
Enter wakeup
Wokeup thread 10d844
Exit wakeup
Enter wakeup
Exit wakeup
Enter wakeup
Wokeup thread 10da5c
Exit wakeup
Enter wakeup
Exit wakeup
Enter wakeup
Wokeup thread 10dc74
Exit wakeup
Enter wakeup
Exit wakeup
Enter wakeup
Exit wakeup
Enter wakeup
Exit wakeup
Enter wakeup
Exit wakeup
Enter wakeup
Exit wakeup
Enter wakeup
Wokeup thread 10de8c
Exit wakeup
Enter wakeup
Exit wakeup
Enter wakeup
Exit wakeup
Enter wakeup
Wokeup thread 10d1fc
Exit wakeup
Enter wakeup
Exit wakeup
Enter wakeup
Wokeup thread 10cbb4
Exit wakeup
Enter wakeup
Exit wakeup
Enter wakeup
Exit wakeup
Enter wakeup
Wokeup thread 10d414
Exit wakeup
Enter wakeup
Exit wakeup
Enter wakeup
Exit wakeup
Enter wakeup
Exit wakeup
Enter wakeup
Exit wakeup
$Enter wakeup
Exit wakeup
Enter wakeup
Exit wakeup
 Enter wakeup
Exit wakeup
Enter wakeup
Exit wakeup
Enter wakeup
Exit wakeup
Enter wakeup
Exit wakeup
Enter wakeup
Exit wakeup
Enter wakeup
Exit wakeup
Enter wakeup
Exit wakeup
Enter wakeup
Exit wakeup
Enter wakeup
Exit wakeup
Enter wakeup
Exit wakeup
Enter wakeup
Exit wakeup
Enter wakeup
Exit wakeup
Enter wakeup
Exit wakeup
Enter wakeup
Exit wakeup
Enter wakeup
Exit wakeup
Enter wakeup
Exit wakeup
Enter wakeup
Exit wakeup
Enter wakeup
Exit wakeup
Enter wakeup
Exit wakeup
Enter wakeup
Exit wakeup
Enter wakeup
Exit wakeup
Enter wakeup
Exit wakeup
Enter wakeup
Exit wakeup
Enter wakeup
Exit wakeup
Enter wakeup
Exit wakeup
Enter wakeup
Exit wakeup
Enter wakeup
Exit wakeup
Enter wakeup
Exit wakeup
Enter wakeup
Exit wakeup
Enter wakeup
Exit wakeup
Enter wakeup
Exit wakeup
Enter wakeup
Exit wakeup
Enter wakeup
Exit wakeup
Enter wakeup
Exit wakeup
Enter wakeup
Exit wakeup
Enter wakeup
Exit wakeup
Enter wakeup
Exit wakeup
Enter wakeup
Exit wakeup
Enter wakeup
Exit wakeup
Enter wakeup
Exit wakeup
Enter wakeup
Exit wakeup
Enter wakeup
Exit wakeup
Enter wakeup
Exit wakeup
Enter wakeup
Exit wakeup
Enter wakeup
Exit wakeup
Enter wakeup
Exit wakeup
Enter wakeup
Exit wakeup
Enter wakeup
Exit wakeup
Enter wakeup
Exit wakeup
Enter wakeup
Exit wakeup
Enter wakeup
Exit wakeup
Enter wakeup
Exit wakeup
Enter wakeup
Exit wakeup
Enter wakeup
Exit wakeup
Enter wakeup
Exit wakeup
Enter wakeup
Exit wakeup
Enter wakeup
Exit wakeup
Enter wakeup
Exit wakeup
Enter wakeup
Exit wakeup
Enter wakeup
Exit wakeup
Enter wakeup
Exit wakeup
Enter wakeup
Exit wakeup
Enter wakeup
Exit wakeup
Enter wakeup
Exit wakeup
Enter wakeup
Exit wakeup
Enter wakeup
Exit wakeup
Enter wakeup
Exit wakeup
Enter wakeup
Exit wakeup
Enter wakeup
Exit wakeup
Enter wakeup
Exit wakeup
Enter wakeup
Exit wakeup
Enter wakeup
Exit wakeup
Enter wakeup
Exit wakeup
Enter wakeup
Exit wakeup
Enter wakeup
Exit wakeup
Enter wakeup
Exit wakeup
Enter wakeup
Exit wakeup
Enter wakeup
Exit wakeup
Enter wakeup
Exit wakeup
Enter wakeup
Exit wakeup
Enter wakeup
Exit wakeup
Enter wakeup
Exit wakeup
Enter wakeup
Exit wakeup
Enter wakeup
Exit wakeup
Enter wakeup
Exit wakeup
Enter wakeup
Exit wakeup
Enter wakeup
Exit wakeup
Enter wakeup
Exit wakeup
Enter wakeup
Exit wakeup
Enter wakeup
Exit wakeup
Enter wakeup
Exit wakeup
Enter wakeup
Exit wakeup
Enter wakeup
Exit wakeup
Enter wakeup
Exit wakeup
Enter wakeup
Exit wakeup
Enter wakeup
Exit wakeup
Enter wakeup
Exit wakeup
Enter wakeup
Exit wakeup
Enter wakeup
Exit wakeup
Enter wakeup
Exit wakeup
Enter wakeup
Exit wakeup
Enter wakeup
Exit wakeup
Enter wakeup
Exit wakeup
Enter wakeup
Exit wakeup
Enter wakeup
Exit wakeup
Enter wakeup
Exit wakeup
Enter wakeup
Exit wakeup
Enter wakeup
Exit wakeup
Enter wakeup
Exit wakeup
Enter wakeup
Exit wakeup
Enter wakeup
Exit wakeup
Enter wakeup
Exit wakeup
Enter wakeup
Exit wakeup
Enter wakeup
Exit wakeup
Enter wakeup
Exit wakeup
Enter wakeup
Exit wakeup
Enter wakeup
Exit wakeup
Enter wakeup
Exit wakeup
Enter wakeup
Exit wakeup
Enter wakeup
Exit wakeup
Enter wakeup
Exit wakeup
Enter wakeup
Exit wakeup
Enter wakeup
Exit wakeup
Enter wakeup
Exit wakeup
Enter wakeup
Exit wakeup
Enter wakeup
Exit wakeup
Enter wakeup
Exit wakeup
Enter wakeup
Exit wakeup
Enter wakeup
Exit wakeup
Enter wakeup
Exit wakeup
Enter wakeup
Exit wakeup
Enter wakeup
Exit wakeup
Enter wakeup
Exit wakeup
Enter wakeup
Exit wakeup
Enter wakeup
Exit wakeup
Enter wakeup
Exit wakeup
Enter wakeup
Exit wakeup
Enter wakeup
Exit wakeup
Enter wakeup
Exit wakeup
Enter wakeup
Exit wakeup
Enter wakeup
Exit wakeup
Enter wakeup
Exit wakeup
Enter wakeup
Exit wakeup
Enter wakeup
Exit wakeup
Enter wakeup
Exit wakeup
Enter wakeup
Exit wakeup
Enter wakeup
Exit wakeup
Enter wakeup
Exit wakeup
Enter wakeup
Exit wakeup
Enter wakeup
Exit wakeup
Enter wakeup
Exit wakeup
Enter wakeup
Exit wakeup
Enter wakeup
Exit wakeup
Enter wakeup
Exit wakeup
Enter wakeup
Exit wakeup
Enter wakeup
Exit wakeup
Enter wakeup
Exit wakeup
Enter wakeup
Exit wakeup
Enter wakeup
Exit wakeup
Enter wakeup
Exit wakeup
Enter wakeup
Exit wakeup
Enter wakeup
Exit wakeup
Enter wakeup
Exit wakeup
Enter wakeup
Exit wakeup
Enter wakeup
Exit wakeup
Enter wakeup
Exit wakeup
Enter wakeup
Exit wakeup
Enter wakeup
Exit wakeup
Enter wakeup
Exit wakeup
Enter wakeup
Exit wakeup
Enter wakeup
Exit wakeup
Enter wakeup
Exit wakeup
Enter wakeup
Exit wakeup
Enter wakeup
Exit wakeup
Enter wakeup
Exit wakeup
Enter wakeup
Exit wakeup
Enter wakeup
Exit wakeup
Enter wakeup
Exit wakeup
Enter wakeup
Exit wakeup
Enter wakeup
Exit wakeup
Enter wakeup
Exit wakeup
Enter wakeup
Exit wakeup
Enter wakeup
Exit wakeup
Enter wakeup
Exit wakeup
Enter wakeup
Exit wakeup
Enter wakeup
Exit wakeup
Enter wakeup
Exit wakeup
Enter wakeup
Exit wakeup
Enter wakeup
Exit wakeup
Enter wakeup
Exit wakeup
Enter wakeup
Exit wakeup
Enter wakeup
Exit wakeup
Enter wakeup
Exit wakeup
Enter wakeup
Exit wakeup
Enter wakeup
Exit wakeup
Enter wakeup
Exit wakeup
Enter wakeup
Exit wakeup
Enter wakeup
Exit wakeup
Enter wakeup
Exit wakeup
Enter wakeup
Exit wakeup
Enter wakeup
Exit wakeup
Enter wakeup
Exit wakeup
Enter wakeup
Exit wakeup
Enter wakeup
Exit wakeup
Enter wakeup
Exit wakeup
Enter wakeup
Exit wakeup
Enter wakeup
Exit wakeup
Enter wakeup
Exit wakeup
Enter wakeup
Exit wakeup
Enter wakeup
Exit wakeup
Enter wakeup
Exit wakeup
Enter wakeup
Exit wakeup
Enter wakeup
Exit wakeup
Enter wakeup
Exit wakeup
Enter wakeup
Exit wakeup
Enter wakeup
Exit wakeup
Enter wakeup
Exit wakeup
Enter wakeup
Exit wakeup
Enter wakeup
Exit wakeup
Enter wakeup
Exit wakeup
Enter wakeup
Exit wakeup
Enter wakeup
Exit wakeup
Enter wakeup
Exit wakeup
Enter wakeup
Exit wakeup
Enter wakeup
Exit wakeup
Enter wakeup
Exit wakeup
Enter wakeup
Exit wakeup
Enter wakeup
Exit wakeup
Enter wakeup
Exit wakeup
Enter wakeup
Exit wakeup
Enter wakeup
Exit wakeup
Enter wakeup
Exit wakeup
Enter wakeup
Exit wakeup
Enter wakeup
Exit wakeup
Enter wakeup
Exit wakeup
Enter wakeup
Exit wakeup
Enter wakeup
Exit wakeup
Enter wakeup
Exit wakeup
Enter wakeup
Exit wakeup
Enter wakeup
Exit wakeup
Enter wakeup
Exit wakeup
Enter wakeup
Exit wakeup
Enter wakeup
Exit wakeup
Enter wakeup
Exit wakeup
Enter wakeup
Exit wakeup
Enter wakeup
Exit wakeup
Enter wakeup
Exit wakeup
Enter wakeup
Exit wakeup
Enter wakeup
Exit wakeup
Enter wakeup
Exit wakeup
Enter wakeup
Exit wakeup
Enter wakeup
Exit wakeup
Enter wakeup
Exit wakeup
Enter wakeup
Exit wakeup
Enter wakeup
Exit wakeup
Enter wakeup
Exit wakeup
Enter wakeup
Exit wakeup
Enter wakeup
Exit wakeup
Enter wakeup
Exit wakeup
Enter wakeup
Exit wakeup
Enter wakeup
Exit wakeup
Enter wakeup
Exit wakeup
Enter wakeup
Exit wakeup
Enter wakeup
Exit wakeup
Enter wakeup
Exit wakeup
Enter wakeup
Exit wakeup
Enter wakeup
Exit wakeup
Enter wakeup
Exit wakeup
Enter wakeup
Exit wakeup
Enter wakeup
Exit wakeup
Enter wakeup
Exit wakeup
Enter wakeup
Exit wakeup
Enter wakeup
Exit wakeup
Enter wakeup
Exit wakeup
Enter wakeup
Exit wakeup
Enter wakeup
Exit wakeup
Enter wakeup
Exit wakeup
Enter wakeup
Exit wakeup
Enter wakeup
Exit wakeup
Enter wakeup
Exit wakeup
Enter wakeup
Exit wakeup
Enter wakeup
Exit wakeup
Enter wakeup
Exit wakeup
Enter wakeup
Exit wakeup
Enter wakeup
Exit wakeup
Enter wakeup
Exit wakeup
Enter wakeup
Exit wakeup
Enter wakeup
Exit wakeup
Enter wakeup
Exit wakeup
Enter wakeup
Exit wakeup
Enter wakeup
Exit wakeup
Enter wakeup
Exit wakeup
Enter wakeup
Exit wakeup
Enter wakeup
Exit wakeup
Enter wakeup
Exit wakeup
Enter wakeup
Exit wakeup
Enter wakeup
Exit wakeup
Enter wakeup
Exit wakeup
Enter wakeup
Exit wakeup
Enter wakeup
Exit wakeup
Enter wakeup
Exit wakeup
Enter wakeup
Exit wakeup
Enter wakeup
Exit wakeup
Enter wakeup
Exit wakeup
Enter wakeup
Exit wakeup
Enter wakeup
Exit wakeup
Enter wakeup
Exit wakeup
Enter wakeup
Exit wakeup
Enter wakeup
Exit wakeup
Enter wakeup
Exit wakeup
Enter wakeup
Exit wakeup
Enter wakeup
Exit wakeup
Enter wakeup
Exit wakeup
Enter wakeup
Exit wakeup
Enter wakeup
Exit wakeup
Enter wakeup
Exit wakeup
Enter wakeup
Exit wakeup
Enter wakeup
Exit wakeup
Enter wakeup
Exit wakeup
Enter wakeup
Exit wakeup
Enter wakeup
Exit wakeup
Enter wakeup
Exit wakeup
Enter wakeup
Exit wakeup
Enter wakeup
Exit wakeup
Enter wakeup
Exit wakeup
Enter wakeup
Exit wakeup
Enter wakeup
Exit wakeup
Enter wakeup
Exit wakeup
Enter wakeup
Exit wakeup
Enter wakeup
Exit wakeup
Enter wakeup
Exit wakeup
Enter wakeup
Exit wakeup
Enter wakeup
Exit wakeup
Enter wakeup
Exit wakeup
Enter wakeup
Exit wakeup
Enter wakeup
Exit wakeup
Enter wakeup
Exit wakeup
Enter wakeup
Exit wakeup
Enter wakeup
Exit wakeup
Enter wakeup
Exit wakeup
Enter wakeup
Exit wakeup
Enter wakeup
Exit wakeup
Enter wakeup
Exit wakeup
Enter wakeup
Exit wakeup
Enter wakeup
Exit wakeup
Enter wakeup
Exit wakeup
Enter wakeup
Exit wakeup
Enter wakeup
Exit wakeup
Enter wakeup
Exit wakeup
Enter wakeup
Exit wakeup
Enter wakeup
Exit wakeup
Enter wakeup
Exit wakeup
Enter wakeup
Exit wakeup
Enter wakeup
Exit wakeup
Enter wakeup
Exit wakeup
Enter wakeup
Exit wakeup
Enter wakeup
Exit wakeup
Enter wakeup
Exit wakeup
Enter wakeup
Exit wakeup
Enter wakeup
Exit wakeup
Enter wakeup
Exit wakeup
Enter wakeup
Exit wakeup
Enter wakeup
Exit wakeup
Enter wakeup
Exit wakeup
Enter wakeup
Exit wakeup
Enter wakeup
Exit wakeup
Enter wakeup
Exit wakeup
Enter wakeup
Exit wakeup
Enter wakeup
Exit wakeup
Enter wakeup
Exit wakeup
Enter wakeup
Exit wakeup
Enter wakeup
Exit wakeup
Enter wakeup
Exit wakeup
Enter wakeup
Exit wakeup
Enter wakeup
Exit wakeup
Enter wakeup
Exit wakeup
Enter wakeup
Exit wakeup
Enter wakeup
Exit wakeup
Enter wakeup
Exit wakeup
Enter wakeup
Exit wakeup
Enter wakeup
Exit wakeup
Enter wakeup
Exit wakeup
Enter wakeup
Exit wakeup
Enter wakeup
Exit wakeup
Enter wakeup
Exit wakeup
Enter wakeup
Exit wakeup
Enter wakeup
Exit wakeup
Enter wakeup
Exit wakeup
Enter wakeup
Exit wakeup
Enter wakeup
Exit wakeup
Enter wakeup
Exit wakeup
Enter wakeup
Exit wakeup
Enter wakeup
Exit wakeup
Enter wakeup
Exit wakeup
Enter wakeup
Exit wakeup
Enter wakeup
Exit wakeup
Enter wakeup
Exit wakeup
Enter wakeup
Exit wakeup
Enter wakeup
Exit wakeup
Enter wakeup
Exit wakeup
Enter wakeup
Exit wakeup
Enter wakeup
Exit wakeup
Enter wakeup
Exit wakeup
Enter wakeup
Exit wakeup
Enter wakeup
Exit wakeup
Enter wakeup
Exit wakeup
Enter wakeup
Exit wakeup
Enter wakeup
Exit wakeup
Enter wakeup
Exit wakeup
Enter wakeup
Exit wakeup
Enter wakeup
Exit wakeup
Enter wakeup
Exit wakeup
Enter wakeup
Exit wakeup
Enter wakeup
Exit wakeup
Enter wakeup
Exit wakeup
Enter wakeup
Exit wakeup
Enter wakeup
Exit wakeup
Enter wakeup
Exit wakeup
Enter wakeup
Exit wakeup
Enter wakeup
Exit wakeup
Enter wakeup
Exit wakeup
Enter wakeup
Exit wakeup
Enter wakeup
Exit wakeup
Enter wakeup
Exit wakeup
Enter wakeup
Exit wakeup
Enter wakeup
Exit wakeup
Enter wakeup
Exit wakeup
Enter wakeup
Exit wakeup
Enter wakeup
Exit wakeup
Enter wakeup
Exit wakeup
Enter wakeup
Exit wakeup
Enter wakeup
Exit wakeup
Enter wakeup
Exit wakeup
Enter wakeup
Exit wakeup
Enter wakeup
Exit wakeup
Enter wakeup
Exit wakeup
Enter wakeup
Exit wakeup
Enter wakeup
Exit wakeup
Enter wakeup
Exit wakeup
Enter wakeup
Exit wakeup
Enter wakeup
Exit wakeup
Enter wakeup
Exit wakeup
Enter wakeup
Exit wakeup
Enter wakeup
Exit wakeup
Enter wakeup
Exit wakeup
Enter wakeup
Exit wakeup
Enter wakeup
Exit wakeup
Enter wakeup
Exit wakeup
Enter wakeup
Exit wakeup
Enter wakeup
Exit wakeup
Enter wakeup
Exit wakeup
Enter wakeup
Exit wakeup
Enter wakeup
Exit wakeup
Enter wakeup
Exit wakeup
Enter wakeup
Exit wakeup
Enter wakeup
Exit wakeup
Enter wakeup
Exit wakeup
Enter wakeup
Exit wakeup
Enter wakeup
Exit wakeup
Enter wakeup
Exit wakeup
Enter wakeup
Exit wakeup
Enter wakeup
Exit wakeup
Enter wakeup
Exit wakeup
Enter wakeup
Exit wakeup
Enter wakeup
Exit wakeup
Enter wakeup
Exit wakeup
Enter wakeup
Exit wakeup
Enter wakeup
Exit wakeup
Enter wakeup
Exit wakeup
Enter wakeup
Exit wakeup
Enter wakeup
Exit wakeup
Enter wakeup
Exit wakeup
Enter wakeup
Exit wakeup
Enter wakeup
Exit wakeup
Enter wakeup
Exit wakeup
Enter wakeup
Exit wakeup
Enter wakeup
Exit wakeup
Enter wakeup
Exit wakeup
Enter wakeup
Exit wakeup
Enter wakeup
Exit wakeup
Enter wakeup
Exit wakeup
Enter wakeup
Exit wakeup
Enter wakeup
Exit wakeup
Enter wakeup
Exit wakeup
Enter wakeup
Exit wakeup
Enter wakeup
Exit wakeup


test lock_multiple_semaphores FAILED (0 of 10)
 (test for multiple semaphores correctness)
 Timelimit (15.0s) exceeded

**********************************************************************
Summary:
test build PASSED
 (build xv6 using make)

test lock_init_test FAILED (0 of 5)
 (test for lock init prepoerly with correct return value)
 Timelimit (15.0s) exceeded

test lock_basic FAILED (0 of 5)
 (basic test for lock correctness)
 Timelimit (15.0s) exceeded

test lock_file FAILED (0 of 5)
 (test for lock correctness for writing in a file)
 Timelimit (15.0s) exceeded

test lock_multiple_semaphores FAILED (0 of 10)
 (test for multiple semaphores correctness)
 Timelimit (15.0s) exceeded

Passed 1 of 5 tests.
Overall 1 of 5
Points 0 of 25
